Log file open, 07/30/19 10:19:36
LogWindows: Failed to load 'aqProf.dll' (GetLastError=126)
LogWindows: File 'aqProf.dll' does not exist
LogWindows: Failed to load 'VtuneApi.dll' (GetLastError=126)
LogWindows: File 'VtuneApi.dll' does not exist
LogWindows: Failed to load 'VtuneApi32e.dll' (GetLastError=126)
LogWindows: File 'VtuneApi32e.dll' does not exist
LogConsoleResponse: Display: Failed to find resolution value strings in scalability ini. Falling back to default.
LogInit: Display: Running engine for game: VRProject
LogPakFile: Registered encryption key '00000000000000000000000000000000': 0 pak files mounted, 0 remain pending
LogPlatformFile: Not using cached read wrapper
LogTaskGraph: Started task graph with 5 named threads and 23 total threads with 3 sets of task threads.
LogStats: Stats thread started at 0.263107
LogD3D11RHI: Loaded GFSDK_Aftermath_Lib.x64.dll
LogICUInternationalization: ICU TimeZone Detection - Raw Offset: -5:00, Platform Override: ''
LogPluginManager: Mounting plugin Paper2D
LogPluginManager: Mounting plugin AISupport
LogPluginManager: Mounting plugin LightPropagationVolume
LogPluginManager: Mounting plugin ActorLayerUtilities
LogPluginManager: Mounting plugin AnimationSharing
LogPluginManager: Mounting plugin CLionSourceCodeAccess
LogPluginManager: Mounting plugin CodeLiteSourceCodeAccess
LogPluginManager: Mounting plugin GitSourceControl
LogPluginManager: Mounting plugin KDevelopSourceCodeAccess
LogPluginManager: Mounting plugin NullSourceCodeAccess
LogPluginManager: Mounting plugin PerforceSourceControl
LogPluginManager: Mounting plugin SubversionSourceControl
LogPluginManager: Mounting plugin UObjectPlugin
LogPluginManager: Mounting plugin VisualStudioCodeSourceCodeAccess
LogPluginManager: Mounting plugin VisualStudioSourceCodeAccess
LogPluginManager: Mounting plugin XCodeSourceCodeAccess
LogPluginManager: Mounting plugin AssetManagerEditor
LogPluginManager: Mounting plugin CryptoKeys
LogPluginManager: Mounting plugin DataValidation
LogPluginManager: Mounting plugin FacialAnimation
LogPluginManager: Mounting plugin GameplayTagsEditor
LogPluginManager: Mounting plugin MacGraphicsSwitching
LogPluginManager: Mounting plugin MaterialAnalyzer
LogPluginManager: Mounting plugin MobileLauncherProfileWizard
LogPluginManager: Mounting plugin PluginBrowser
LogPluginManager: Mounting plugin SpeedTreeImporter
LogPluginManager: Mounting plugin DatasmithContent
LogPluginManager: Mounting plugin VariantManagerContent
LogPluginManager: Mounting plugin AlembicImporter
LogPluginManager: Mounting plugin AppleImageUtils
LogPluginManager: Mounting plugin AppleVision
LogPluginManager: Mounting plugin BackChannel
LogPluginManager: Mounting plugin CharacterAI
LogPluginManager: Mounting plugin GeometryCache
LogPluginManager: Mounting plugin HTML5Networking
LogPluginManager: Mounting plugin ProxyLODPlugin
LogPluginManager: Mounting plugin SkeletalReduction
LogPluginManager: Mounting plugin MagicLeap
LogPluginManager: Mounting plugin MagicLeapMedia
LogPluginManager: Mounting plugin AndroidMedia
LogPluginManager: Mounting plugin AvfMedia
LogPluginManager: Mounting plugin ImgMedia
LogPluginManager: Mounting plugin LinearTimecode
LogPluginManager: Mounting plugin MediaCompositing
LogPluginManager: Mounting plugin MediaPlayerEditor
LogPluginManager: Mounting plugin WebMMedia
LogPluginManager: Mounting plugin WmfMedia
LogPluginManager: Mounting plugin TcpMessaging
LogPluginManager: Mounting plugin UdpMessaging
LogPluginManager: Mounting plugin ActorSequence
LogPluginManager: Mounting plugin LevelSequenceEditor
LogPluginManager: Mounting plugin MatineeToLevelSequence
LogPluginManager: Mounting plugin NetcodeUnitTest
LogPluginManager: Mounting plugin NUTUnrealEngine4
LogPluginManager: Mounting plugin OnlineSubsystemGooglePlay
LogPluginManager: Mounting plugin OnlineSubsystemIOS
LogPluginManager: Mounting plugin OnlineSubsystem
LogPluginManager: Mounting plugin OnlineSubsystemNull
LogPluginManager: Mounting plugin OnlineSubsystemUtils
LogPluginManager: Mounting plugin LauncherChunkInstaller
LogPluginManager: Mounting plugin AndroidDeviceProfileSelector
LogPluginManager: Mounting plugin AndroidMoviePlayer
LogPluginManager: Mounting plugin AndroidPermission
LogPluginManager: Mounting plugin AppleMoviePlayer
LogPluginManager: Mounting plugin ArchVisCharacter
LogPluginManager: Mounting plugin AudioCapture
LogPluginManager: Mounting plugin CableComponent
LogPluginManager: Mounting plugin CustomMeshComponent
LogPluginManager: Mounting plugin EditableMesh
LogPluginManager: Mounting plugin ExampleDeviceProfileSelector
LogPluginManager: Mounting plugin Firebase
LogPluginManager: Mounting plugin GoogleCloudMessaging
LogPluginManager: Mounting plugin IOSDeviceProfileSelector
LogPluginManager: Mounting plugin LinuxDeviceProfileSelector
LogPluginManager: Mounting plugin LocationServicesBPLibrary
LogPluginManager: Mounting plugin MobilePatchingUtils
LogPluginManager: Mounting plugin OculusVR
LogPluginManager: Mounting plugin PhysXVehicles
LogPluginManager: Mounting plugin ProceduralMeshComponent
LogPluginManager: Mounting plugin RuntimePhysXCooking
LogPluginManager: Mounting plugin SignificanceManager
LogPluginManager: Mounting plugin SteamVR
LogPluginManager: Mounting plugin WebMMoviePlayer
LogPluginManager: Mounting plugin WindowsMoviePlayer
LogInit: Using libcurl 7.55.1-DEV
LogInit:  - built for x86_64-pc-win32
LogInit:  - supports SSL with OpenSSL/1.1.1
LogInit:  - supports HTTP deflate (compression) using libz 1.2.8
LogInit:  - other features:
LogInit:      CURL_VERSION_SSL
LogInit:      CURL_VERSION_LIBZ
LogInit:      CURL_VERSION_IPV6
LogInit:      CURL_VERSION_ASYNCHDNS
LogInit:      CURL_VERSION_LARGEFILE
LogInit:      CURL_VERSION_IDN
LogInit:  CurlRequestOptions (configurable via config and command line):
LogInit:  - bVerifyPeer = true  - Libcurl will verify peer certificate
LogInit:  - bUseHttpProxy = false  - Libcurl will NOT use HTTP proxy
LogInit:  - bDontReuseConnections = false  - Libcurl will reuse connections
LogInit:  - MaxHostConnections = 16  - Libcurl will limit the number of connections to a host
LogInit:  - LocalHostAddr = Default
LogInit:  - BufferSize = 65536
LogInit: WinSock: version 1.1 (2.2), MaxSocks=32767, MaxUdp=65467
LogInit: Build: ++UE4+Release-4.22-CL-7053642
LogInit: Engine Version: 4.22.3-7053642+++UE4+Release-4.22
LogInit: Compatible Engine Version: 4.22.0-5660361+++UE4+Release-4.22
LogInit: Net CL: 5660361
LogInit: OS: Windows 10 (Release 1809) (), CPU: Intel(R) Core(TM) i7-6700K CPU @ 4.00GHz, GPU: NVIDIA GeForce GTX 770
LogInit: Compiled (64-bit): Jun 18 2019 03:09:11
LogInit: Compiled with Visual C++: 19.16.27025.01
LogInit: Build Configuration: Development
LogInit: Branch Name: ++UE4+Release-4.22
LogInit: Command Line:  -EpicPortal -epicusername=Wetalo -epicuserid=af60cd51aa324628919b29e486e88f1f -epiclocale=en-US
LogInit: Base Directory: D:/Epic/Installations/UE_4.22/Engine/Binaries/Win64/
LogInit: Installed Engine Build: 1
LogDevObjectVersion: Number of dev versions registered: 23
LogDevObjectVersion:   Dev-Blueprints (B0D832E4-1F89-4F0D-ACCF-7EB736FD4AA2): 10
LogDevObjectVersion:   Dev-Build (E1C64328-A22C-4D53-A36C-8E866417BD8C): 0
LogDevObjectVersion:   Dev-Core (375EC13C-06E4-48FB-B500-84F0262A717E): 3
LogDevObjectVersion:   Dev-Editor (E4B068ED-F494-42E9-A231-DA0B2E46BB41): 30
LogDevObjectVersion:   Dev-Framework (CFFC743F-43B0-4480-9391-14DF171D2073): 35
LogDevObjectVersion:   Dev-Mobile (B02B49B5-BB20-44E9-A304-32B752E40360): 2
LogDevObjectVersion:   Dev-Networking (A4E4105C-59A1-49B5-A7C5-40C4547EDFEE): 0
LogDevObjectVersion:   Dev-Online (39C831C9-5AE6-47DC-9A44-9C173E1C8E7C): 0
LogDevObjectVersion:   Dev-Physics (78F01B33-EBEA-4F98-B9B4-84EACCB95AA2): 0
LogDevObjectVersion:   Dev-Platform (6631380F-2D4D-43E0-8009-CF276956A95A): 0
LogDevObjectVersion:   Dev-Rendering (12F88B9F-8875-4AFC-A67C-D90C383ABD29): 28
LogDevObjectVersion:   Dev-Sequencer (7B5AE74C-D270-4C10-A958-57980B212A5A): 11
LogDevObjectVersion:   Dev-VR (D7296918-1DD6-4BDD-9DE2-64A83CC13884): 2
LogDevObjectVersion:   Dev-LoadTimes (C2A15278-BFE7-4AFE-6C17-90FF531DF755): 1
LogDevObjectVersion:   Private-Geometry (6EACA3D4-40EC-4CC1-B786-8BED09428FC5): 3
LogDevObjectVersion:   Dev-AnimPhys (29E575DD-E0A3-4627-9D10-D276232CDCEA): 17
LogDevObjectVersion:   Dev-Anim (AF43A65D-7FD3-4947-9873-3E8ED9C1BB05): 2
LogDevObjectVersion:   Dev-ReflectionCapture (6B266CEC-1EC7-4B8F-A30B-E4D90942FC07): 1
LogDevObjectVersion:   Dev-Automation (0DF73D61-A23F-47EA-B727-89E90C41499A): 1
LogDevObjectVersion:   FortniteMain (601D1886-AC64-4F84-AA16-D3DE0DEAC7D6): 25
LogDevObjectVersion:   Dev-Enterprise (9DFFBCD6-494F-0158-E221-12823C92A888): 6
LogDevObjectVersion:   Dev-Niagara (F2AED0AC-9AFE-416F-8664-AA7FFA26D6FC): 1
LogDevObjectVersion:   Dev-Destruction (174F1F0B-B4C6-45A5-B13F-2EE8D0FB917D): 2
LogInit: Presizing for max 16777216 objects, including 0 objects not considered by GC, pre-allocating 0 bytes for permanent pool.
LogInit: Object subsystem initialized
LogConfig: Setting CVar [[con.DebugEarlyDefault:1]]
LogConfig: Setting CVar [[r.setres:1280x720]]
[2019.07.30-14.19.36:913][  0]LogConfig: Setting CVar [[r.VSync:0]]
[2019.07.30-14.19.36:913][  0]LogConfig: Setting CVar [[r.RHICmdBypass:0]]
[2019.07.30-14.19.36:913][  0]LogConfig: Applying CVar settings from Section [/Script/Engine.RendererSettings] File [D:/UnrealProjects/VRProject/Saved/Config/Windows/Engine.ini]
[2019.07.30-14.19.36:913][  0]LogConfig: Setting CVar [[r.GPUCrashDebugging:0]]
[2019.07.30-14.19.36:913][  0]LogConfig: Setting CVar [[r.DefaultFeature.AmbientOcclusion:0]]
[2019.07.30-14.19.36:913][  0]LogConfig: Setting CVar [[r.DefaultFeature.AmbientOcclusionStaticFraction:0]]
[2019.07.30-14.19.36:913][  0]LogConfig: Setting CVar [[vr.InstancedStereo:1]]
[2019.07.30-14.19.36:914][  0]LogConfig: Setting CVar [[r.SeparateTranslucency:0]]
[2019.07.30-14.19.36:914][  0]LogConfig: Setting CVar [[r.HZBOcclusion:0]]
[2019.07.30-14.19.36:914][  0]LogConfig: Setting CVar [[r.SSR.MaxRoughness:0]]
[2019.07.30-14.19.36:914][  0]LogConfig: Setting CVar [[r.rhicmdbypass:0]]
[2019.07.30-14.19.36:914][  0]LogConfig: Applying CVar settings from Section [/Script/Engine.RendererOverrideSettings] File [D:/UnrealProjects/VRProject/Saved/Config/Windows/Engine.ini]
[2019.07.30-14.19.36:914][  0]LogConfig: Applying CVar settings from Section [/Script/Engine.StreamingSettings] File [D:/UnrealProjects/VRProject/Saved/Config/Windows/Engine.ini]
[2019.07.30-14.19.36:914][  0]LogConfig: Setting CVar [[s.MinBulkDataSizeForAsyncLoading:131072]]
[2019.07.30-14.19.36:914][  0]LogConfig: Setting CVar [[s.AsyncLoadingThreadEnabled:0]]
[2019.07.30-14.19.36:914][  0]LogConfig: Setting CVar [[s.EventDrivenLoaderEnabled:1]]
[2019.07.30-14.19.36:914][  0]LogConfig: Setting CVar [[s.WarnIfTimeLimitExceeded:0]]
[2019.07.30-14.19.36:914][  0]LogConfig: Setting CVar [[s.TimeLimitExceededMultiplier:1.5]]
[2019.07.30-14.19.36:914][  0]LogConfig: Setting CVar [[s.TimeLimitExceededMinTime:0.005]]
[2019.07.30-14.19.36:914][  0]LogConfig: Setting CVar [[s.UseBackgroundLevelStreaming:1]]
[2019.07.30-14.19.36:914][  0]LogConfig: Setting CVar [[s.PriorityAsyncLoadingExtraTime:15.0]]
[2019.07.30-14.19.36:914][  0]LogConfig: Setting CVar [[s.LevelStreamingActorsUpdateTimeLimit:5.0]]
[2019.07.30-14.19.36:914][  0]LogConfig: Setting CVar [[s.PriorityLevelStreamingActorsUpdateExtraTime:5.0]]
[2019.07.30-14.19.36:914][  0]LogConfig: Setting CVar [[s.LevelStreamingComponentsRegistrationGranularity:10]]
[2019.07.30-14.19.36:914][  0]LogConfig: Setting CVar [[s.UnregisterComponentsTimeLimit:1.0]]
[2019.07.30-14.19.36:914][  0]LogConfig: Setting CVar [[s.LevelStreamingComponentsUnregistrationGranularity:5]]
[2019.07.30-14.19.36:914][  0]LogConfig: Applying CVar settings from Section [/Script/Engine.GarbageCollectionSettings] File [D:/UnrealProjects/VRProject/Saved/Config/Windows/Engine.ini]
[2019.07.30-14.19.36:914][  0]LogConfig: Setting CVar [[gc.MaxObjectsNotConsideredByGC:1]]
[2019.07.30-14.19.36:914][  0]LogConfig: Setting CVar [[gc.SizeOfPermanentObjectPool:0]]
[2019.07.30-14.19.36:914][  0]LogConfig: Setting CVar [[gc.FlushStreamingOnGC:0]]
[2019.07.30-14.19.36:914][  0]LogConfig: Setting CVar [[gc.NumRetriesBeforeForcingGC:10]]
[2019.07.30-14.19.36:914][  0]LogConfig: Setting CVar [[gc.AllowParallelGC:1]]
[2019.07.30-14.19.36:914][  0]LogConfig: Setting CVar [[gc.TimeBetweenPurgingPendingKillObjects:61.1]]
[2019.07.30-14.19.36:914][  0]LogConfig: Setting CVar [[gc.MaxObjectsInEditor:16777216]]
[2019.07.30-14.19.36:914][  0]LogConfig: Setting CVar [[gc.IncrementalBeginDestroyEnabled:1]]
[2019.07.30-14.19.36:914][  0]LogConfig: Setting CVar [[gc.CreateGCClusters:1]]
[2019.07.30-14.19.36:914][  0]LogConfig: Setting CVar [[gc.MinGCClusterSize:5]]
[2019.07.30-14.19.36:914][  0]LogConfig: Setting CVar [[gc.ActorClusteringEnabled:0]]
[2019.07.30-14.19.36:914][  0]LogConfig: Setting CVar [[gc.BlueprintClusteringEnabled:0]]
[2019.07.30-14.19.36:914][  0]LogConfig: Setting CVar [[gc.UseDisregardForGCOnDedicatedServers:0]]
[2019.07.30-14.19.36:914][  0]LogConfig: Applying CVar settings from Section [/Script/Engine.NetworkSettings] File [D:/UnrealProjects/VRProject/Saved/Config/Windows/Engine.ini]
[2019.07.30-14.19.36:914][  0]LogConfig: Applying CVar settings from Section [/Script/UnrealEd.CookerSettings] File [D:/UnrealProjects/VRProject/Saved/Config/Windows/Engine.ini]
[2019.07.30-14.19.36:916][  0]LogConfig: Applying CVar settings from Section [ViewDistanceQuality@3] File [D:/UnrealProjects/VRProject/Saved/Config/Windows/Scalability.ini]
[2019.07.30-14.19.36:916][  0]LogConfig: Setting CVar [[r.SkeletalMeshLODBias:0]]
[2019.07.30-14.19.36:916][  0]LogConfig: Setting CVar [[r.ViewDistanceScale:1.0]]
[2019.07.30-14.19.36:916][  0]LogConfig: Applying CVar settings from Section [AntiAliasingQuality@3] File [D:/UnrealProjects/VRProject/Saved/Config/Windows/Scalability.ini]
[2019.07.30-14.19.36:916][  0]LogConfig: Setting CVar [[r.PostProcessAAQuality:3]]
[2019.07.30-14.19.36:916][  0]LogConfig: Applying CVar settings from Section [ShadowQuality@3] File [D:/UnrealProjects/VRProject/Saved/Config/Windows/Scalability.ini]
[2019.07.30-14.19.36:916][  0]LogConfig: Setting CVar [[r.LightFunctionQuality:1]]
[2019.07.30-14.19.36:916][  0]LogConfig: Setting CVar [[r.ShadowQuality:5]]
[2019.07.30-14.19.36:916][  0]LogConfig: Setting CVar [[r.Shadow.CSM.MaxCascades:10]]
[2019.07.30-14.19.36:916][  0]LogConfig: Setting CVar [[r.Shadow.MaxResolution:2048]]
[2019.07.30-14.19.36:916][  0]LogConfig: Setting CVar [[r.Shadow.MaxCSMResolution:2048]]
[2019.07.30-14.19.36:916][  0]LogConfig: Setting CVar [[r.Shadow.RadiusThreshold:0.01]]
[2019.07.30-14.19.36:916][  0]LogConfig: Setting CVar [[r.Shadow.DistanceScale:1.0]]
[2019.07.30-14.19.36:916][  0]LogConfig: Setting CVar [[r.Shadow.CSM.TransitionScale:1.0]]
[2019.07.30-14.19.36:916][  0]LogConfig: Setting CVar [[r.Shadow.PreShadowResolutionFactor:1.0]]
[2019.07.30-14.19.36:916][  0]LogConfig: Setting CVar [[r.DistanceFieldShadowing:1]]
[2019.07.30-14.19.36:916][  0]LogConfig: Setting CVar [[r.DistanceFieldAO:1]]
[2019.07.30-14.19.36:916][  0]LogConfig: Setting CVar [[r.AOQuality:2]]
[2019.07.30-14.19.36:916][  0]LogConfig: Setting CVar [[r.VolumetricFog:1]]
[2019.07.30-14.19.36:916][  0]LogConfig: Setting CVar [[r.VolumetricFog.GridPixelSize:8]]
[2019.07.30-14.19.36:916][  0]LogConfig: Setting CVar [[r.VolumetricFog.GridSizeZ:128]]
[2019.07.30-14.19.36:916][  0]LogConfig: Setting CVar [[r.VolumetricFog.HistoryMissSupersampleCount:4]]
[2019.07.30-14.19.36:916][  0]LogConfig: Setting CVar [[r.LightMaxDrawDistanceScale:1]]
[2019.07.30-14.19.36:916][  0]LogConfig: Setting CVar [[r.CapsuleShadows:1]]
[2019.07.30-14.19.36:916][  0]LogConfig: Applying CVar settings from Section [PostProcessQuality@3] File [D:/UnrealProjects/VRProject/Saved/Config/Windows/Scalability.ini]
[2019.07.30-14.19.36:916][  0]LogConfig: Setting CVar [[r.MotionBlurQuality:0]]
[2019.07.30-14.19.36:916][  0]LogConfig: Setting CVar [[r.AmbientOcclusionMipLevelFactor:0.4]]
[2019.07.30-14.19.36:916][  0]LogConfig: Setting CVar [[r.AmbientOcclusionMaxQuality:100]]
[2019.07.30-14.19.36:916][  0]LogConfig: Setting CVar [[r.AmbientOcclusionLevels:0]]
[2019.07.30-14.19.36:916][  0]LogConfig: Setting CVar [[r.AmbientOcclusionRadiusScale:1.0]]
[2019.07.30-14.19.36:916][  0]LogConfig: Setting CVar [[r.DepthOfFieldQuality:0]]
[2019.07.30-14.19.36:916][  0]LogConfig: Setting CVar [[r.RenderTargetPoolMin:400]]
[2019.07.30-14.19.36:916][  0]LogConfig: Setting CVar [[r.LensFlareQuality:0]]
[2019.07.30-14.19.36:916][  0]LogConfig: Setting CVar [[r.SceneColorFringeQuality:0]]
[2019.07.30-14.19.36:916][  0]LogConfig: Setting CVar [[r.EyeAdaptationQuality:2]]
[2019.07.30-14.19.36:916][  0]LogConfig: Setting CVar [[r.BloomQuality:1]]
[2019.07.30-14.19.36:916][  0]LogConfig: Setting CVar [[r.FastBlurThreshold:0]]
[2019.07.30-14.19.36:916][  0]LogConfig: Setting CVar [[r.Upscale.Quality:3]]
[2019.07.30-14.19.36:916][  0]LogConfig: Setting CVar [[r.Tonemapper.GrainQuantization:1]]
[2019.07.30-14.19.36:916][  0]LogConfig: Setting CVar [[r.LightShaftQuality:1]]
[2019.07.30-14.19.36:916][  0]LogConfig: Setting CVar [[r.Filter.SizeScale:1]]
[2019.07.30-14.19.36:916][  0]LogConfig: Setting CVar [[r.Tonemapper.Quality:5]]
[2019.07.30-14.19.36:916][  0]LogConfig: Setting CVar [[r.DOF.Gather.AccumulatorQuality:1        ; higher gathering accumulator quality]]
[2019.07.30-14.19.36:916][  0]LogConfig: Setting CVar [[r.DOF.Gather.PostfilterMethod:1          ; Median3x3 postfilering method]]
[2019.07.30-14.19.36:916][  0]LogConfig: Setting CVar [[r.DOF.Gather.EnableBokehSettings:0       ; no bokeh simulation when gathering]]
[2019.07.30-14.19.36:916][  0]LogConfig: Setting CVar [[r.DOF.Gather.RingCount:4                 ; medium number of samples when gathering]]
[2019.07.30-14.19.36:916][  0]LogConfig: Setting CVar [[r.DOF.Scatter.ForegroundCompositing:1    ; additive foreground scattering]]
[2019.07.30-14.19.36:916][  0]LogConfig: Setting CVar [[r.DOF.Scatter.BackgroundCompositing:2    ; additive background scattering]]
[2019.07.30-14.19.36:916][  0]LogConfig: Setting CVar [[r.DOF.Scatter.EnableBokehSettings:1      ; bokeh simulation when scattering]]
[2019.07.30-14.19.36:916][  0]LogConfig: Setting CVar [[r.DOF.Scatter.MaxSpriteRatio:0.1         ; only a maximum of 10% of scattered bokeh]]
[2019.07.30-14.19.36:916][  0]LogConfig: Setting CVar [[r.DOF.Recombine.Quality:1                ; cheap slight out of focus]]
[2019.07.30-14.19.36:916][  0]LogConfig: Setting CVar [[r.DOF.Recombine.EnableBokehSettings:0    ; no bokeh simulation on slight out of focus]]
[2019.07.30-14.19.36:916][  0]LogConfig: Setting CVar [[r.DOF.TemporalAAQuality:1                ; more stable temporal accumulation]]
[2019.07.30-14.19.36:916][  0]LogConfig: Setting CVar [[r.DOF.Kernel.MaxForegroundRadius:0.025]]
[2019.07.30-14.19.36:916][  0]LogConfig: Setting CVar [[r.DOF.Kernel.MaxBackgroundRadius:0.025]]
[2019.07.30-14.19.36:916][  0]LogConfig: Applying CVar settings from Section [TextureQuality@3] File [D:/UnrealProjects/VRProject/Saved/Config/Windows/Scalability.ini]
[2019.07.30-14.19.36:916][  0]LogConfig: Setting CVar [[r.Streaming.MipBias:0]]
[2019.07.30-14.19.36:916][  0]LogConfig: Setting CVar [[r.Streaming.AmortizeCPUToGPUCopy:0]]
[2019.07.30-14.19.36:916][  0]LogConfig: Setting CVar [[r.Streaming.MaxNumTexturesToStreamPerFrame:0]]
[2019.07.30-14.19.36:916][  0]LogConfig: Setting CVar [[r.Streaming.Boost:1]]
[2019.07.30-14.19.36:916][  0]LogConfig: Setting CVar [[r.MaxAnisotropy:8]]
[2019.07.30-14.19.36:916][  0]LogConfig: Setting CVar [[r.Streaming.LimitPoolSizeToVRAM:0]]
[2019.07.30-14.19.36:916][  0]LogConfig: Setting CVar [[r.Streaming.PoolSize:1000]]
[2019.07.30-14.19.36:916][  0]LogConfig: Setting CVar [[r.Streaming.MaxEffectiveScreenSize:0]]
[2019.07.30-14.19.36:916][  0]LogConfig: Applying CVar settings from Section [EffectsQuality@3] File [D:/UnrealProjects/VRProject/Saved/Config/Windows/Scalability.ini]
[2019.07.30-14.19.36:916][  0]LogConfig: Setting CVar [[r.TranslucencyLightingVolumeDim:4]]
[2019.07.30-14.19.36:916][  0]LogConfig: Setting CVar [[r.RefractionQuality:2]]
[2019.07.30-14.19.36:916][  0]LogConfig: Setting CVar [[r.SSR.Quality:0]]
[2019.07.30-14.19.36:916][  0]LogConfig: Setting CVar [[r.SceneColorFormat:2]]
[2019.07.30-14.19.36:916][  0]LogConfig: Setting CVar [[r.DetailMode:2]]
[2019.07.30-14.19.36:916][  0]LogConfig: Setting CVar [[r.TranslucencyVolumeBlur:0]]
[2019.07.30-14.19.36:916][  0]LogConfig: Setting CVar [[r.MaterialQualityLevel:1 ; High quality]]
[2019.07.30-14.19.36:916][  0]LogConfig: Setting CVar [[r.SSS.Scale:1]]
[2019.07.30-14.19.36:916][  0]LogConfig: Setting CVar [[r.SSS.SampleSet:2]]
[2019.07.30-14.19.36:916][  0]LogConfig: Setting CVar [[r.SSS.Quality:1]]
[2019.07.30-14.19.36:916][  0]LogConfig: Setting CVar [[r.SSS.HalfRes:1]]
[2019.07.30-14.19.36:916][  0]LogConfig: Setting CVar [[r.EmitterSpawnRateScale:1.0]]
[2019.07.30-14.19.36:916][  0]LogConfig: Setting CVar [[r.ParticleLightQuality:2]]
[2019.07.30-14.19.36:916][  0]LogConfig: Applying CVar settings from Section [FoliageQuality@3] File [D:/UnrealProjects/VRProject/Saved/Config/Windows/Scalability.ini]
[2019.07.30-14.19.36:916][  0]LogConfig: Setting CVar [[foliage.DensityScale:1.0]]
[2019.07.30-14.19.36:916][  0]LogConfig: Setting CVar [[grass.DensityScale:1.0]]
[2019.07.30-14.19.36:917][  0]LogInit: Selected Device Profile: [Windows]
[2019.07.30-14.19.36:917][  0]LogInit: Applying CVar settings loaded from the selected device profile: [Windows]
[2019.07.30-14.19.37:020][  0]LogHAL: Display: Platform has ~ 16 GB [17120841728 / 17179869184 / 16], which maps to Larger [LargestMinGB=32, LargerMinGB=12, DefaultMinGB=8, SmallerMinGB=6, SmallestMinGB=0)
[2019.07.30-14.19.37:020][  0]LogConfig: Setting CVar [[r.Vulkan.UseRealUBs:0		; Required until we fix HLR fall-out]]
[2019.07.30-14.19.37:020][  0]LogInit: Going up to parent DeviceProfile []
[2019.07.30-14.19.37:020][  0]LogConfig: Applying CVar settings from Section [ViewDistanceQuality@3] File [D:/UnrealProjects/VRProject/Saved/Config/Windows/Scalability.ini]
[2019.07.30-14.19.37:020][  0]LogConfig: Setting CVar [[r.SkeletalMeshLODBias:0]]
[2019.07.30-14.19.37:020][  0]LogConfig: Setting CVar [[r.ViewDistanceScale:1.0]]
[2019.07.30-14.19.37:020][  0]LogConfig: Applying CVar settings from Section [AntiAliasingQuality@3] File [D:/UnrealProjects/VRProject/Saved/Config/Windows/Scalability.ini]
[2019.07.30-14.19.37:020][  0]LogConfig: Setting CVar [[r.PostProcessAAQuality:3]]
[2019.07.30-14.19.37:020][  0]LogConfig: Applying CVar settings from Section [ShadowQuality@3] File [D:/UnrealProjects/VRProject/Saved/Config/Windows/Scalability.ini]
[2019.07.30-14.19.37:020][  0]LogConfig: Setting CVar [[r.LightFunctionQuality:1]]
[2019.07.30-14.19.37:020][  0]LogConfig: Setting CVar [[r.ShadowQuality:5]]
[2019.07.30-14.19.37:020][  0]LogConfig: Setting CVar [[r.Shadow.CSM.MaxCascades:10]]
[2019.07.30-14.19.37:020][  0]LogConfig: Setting CVar [[r.Shadow.MaxResolution:2048]]
[2019.07.30-14.19.37:020][  0]LogConfig: Setting CVar [[r.Shadow.MaxCSMResolution:2048]]
[2019.07.30-14.19.37:020][  0]LogConfig: Setting CVar [[r.Shadow.RadiusThreshold:0.01]]
[2019.07.30-14.19.37:020][  0]LogConfig: Setting CVar [[r.Shadow.DistanceScale:1.0]]
[2019.07.30-14.19.37:020][  0]LogConfig: Setting CVar [[r.Shadow.CSM.TransitionScale:1.0]]
[2019.07.30-14.19.37:020][  0]LogConfig: Setting CVar [[r.Shadow.PreShadowResolutionFactor:1.0]]
[2019.07.30-14.19.37:020][  0]LogConfig: Setting CVar [[r.DistanceFieldShadowing:1]]
[2019.07.30-14.19.37:020][  0]LogConfig: Setting CVar [[r.DistanceFieldAO:1]]
[2019.07.30-14.19.37:020][  0]LogConfig: Setting CVar [[r.AOQuality:2]]
[2019.07.30-14.19.37:020][  0]LogConfig: Setting CVar [[r.VolumetricFog:1]]
[2019.07.30-14.19.37:020][  0]LogConfig: Setting CVar [[r.VolumetricFog.GridPixelSize:8]]
[2019.07.30-14.19.37:020][  0]LogConfig: Setting CVar [[r.VolumetricFog.GridSizeZ:128]]
[2019.07.30-14.19.37:020][  0]LogConfig: Setting CVar [[r.VolumetricFog.HistoryMissSupersampleCount:4]]
[2019.07.30-14.19.37:020][  0]LogConfig: Setting CVar [[r.LightMaxDrawDistanceScale:1]]
[2019.07.30-14.19.37:020][  0]LogConfig: Setting CVar [[r.CapsuleShadows:1]]
[2019.07.30-14.19.37:020][  0]LogConfig: Applying CVar settings from Section [PostProcessQuality@3] File [D:/UnrealProjects/VRProject/Saved/Config/Windows/Scalability.ini]
[2019.07.30-14.19.37:020][  0]LogConfig: Setting CVar [[r.MotionBlurQuality:0]]
[2019.07.30-14.19.37:020][  0]LogConfig: Setting CVar [[r.AmbientOcclusionMipLevelFactor:0.4]]
[2019.07.30-14.19.37:020][  0]LogConfig: Setting CVar [[r.AmbientOcclusionMaxQuality:100]]
[2019.07.30-14.19.37:020][  0]LogConfig: Setting CVar [[r.AmbientOcclusionLevels:0]]
[2019.07.30-14.19.37:020][  0]LogConfig: Setting CVar [[r.AmbientOcclusionRadiusScale:1.0]]
[2019.07.30-14.19.37:020][  0]LogConfig: Setting CVar [[r.DepthOfFieldQuality:0]]
[2019.07.30-14.19.37:020][  0]LogConfig: Setting CVar [[r.RenderTargetPoolMin:400]]
[2019.07.30-14.19.37:020][  0]LogConfig: Setting CVar [[r.LensFlareQuality:0]]
[2019.07.30-14.19.37:020][  0]LogConfig: Setting CVar [[r.SceneColorFringeQuality:0]]
[2019.07.30-14.19.37:020][  0]LogConfig: Setting CVar [[r.EyeAdaptationQuality:2]]
[2019.07.30-14.19.37:020][  0]LogConfig: Setting CVar [[r.BloomQuality:1]]
[2019.07.30-14.19.37:020][  0]LogConfig: Setting CVar [[r.FastBlurThreshold:0]]
[2019.07.30-14.19.37:020][  0]LogConfig: Setting CVar [[r.Upscale.Quality:3]]
[2019.07.30-14.19.37:020][  0]LogConfig: Setting CVar [[r.Tonemapper.GrainQuantization:1]]
[2019.07.30-14.19.37:020][  0]LogConfig: Setting CVar [[r.LightShaftQuality:1]]
[2019.07.30-14.19.37:020][  0]LogConfig: Setting CVar [[r.Filter.SizeScale:1]]
[2019.07.30-14.19.37:020][  0]LogConfig: Setting CVar [[r.Tonemapper.Quality:5]]
[2019.07.30-14.19.37:020][  0]LogConfig: Setting CVar [[r.DOF.Gather.AccumulatorQuality:1        ; higher gathering accumulator quality]]
[2019.07.30-14.19.37:020][  0]LogConfig: Setting CVar [[r.DOF.Gather.PostfilterMethod:1          ; Median3x3 postfilering method]]
[2019.07.30-14.19.37:020][  0]LogConfig: Setting CVar [[r.DOF.Gather.EnableBokehSettings:0       ; no bokeh simulation when gathering]]
[2019.07.30-14.19.37:020][  0]LogConfig: Setting CVar [[r.DOF.Gather.RingCount:4                 ; medium number of samples when gathering]]
[2019.07.30-14.19.37:020][  0]LogConfig: Setting CVar [[r.DOF.Scatter.ForegroundCompositing:1    ; additive foreground scattering]]
[2019.07.30-14.19.37:020][  0]LogConfig: Setting CVar [[r.DOF.Scatter.BackgroundCompositing:2    ; additive background scattering]]
[2019.07.30-14.19.37:021][  0]LogConfig: Setting CVar [[r.DOF.Scatter.EnableBokehSettings:1      ; bokeh simulation when scattering]]
[2019.07.30-14.19.37:021][  0]LogConfig: Setting CVar [[r.DOF.Scatter.MaxSpriteRatio:0.1         ; only a maximum of 10% of scattered bokeh]]
[2019.07.30-14.19.37:021][  0]LogConfig: Setting CVar [[r.DOF.Recombine.Quality:1                ; cheap slight out of focus]]
[2019.07.30-14.19.37:021][  0]LogConfig: Setting CVar [[r.DOF.Recombine.EnableBokehSettings:0    ; no bokeh simulation on slight out of focus]]
[2019.07.30-14.19.37:021][  0]LogConfig: Setting CVar [[r.DOF.TemporalAAQuality:1                ; more stable temporal accumulation]]
[2019.07.30-14.19.37:021][  0]LogConfig: Setting CVar [[r.DOF.Kernel.MaxForegroundRadius:0.025]]
[2019.07.30-14.19.37:021][  0]LogConfig: Setting CVar [[r.DOF.Kernel.MaxBackgroundRadius:0.025]]
[2019.07.30-14.19.37:021][  0]LogConfig: Applying CVar settings from Section [TextureQuality@3] File [D:/UnrealProjects/VRProject/Saved/Config/Windows/Scalability.ini]
[2019.07.30-14.19.37:021][  0]LogConfig: Setting CVar [[r.Streaming.MipBias:0]]
[2019.07.30-14.19.37:021][  0]LogConfig: Setting CVar [[r.Streaming.AmortizeCPUToGPUCopy:0]]
[2019.07.30-14.19.37:021][  0]LogConfig: Setting CVar [[r.Streaming.MaxNumTexturesToStreamPerFrame:0]]
[2019.07.30-14.19.37:021][  0]LogConfig: Setting CVar [[r.Streaming.Boost:1]]
[2019.07.30-14.19.37:021][  0]LogConfig: Setting CVar [[r.MaxAnisotropy:8]]
[2019.07.30-14.19.37:021][  0]LogConfig: Setting CVar [[r.Streaming.LimitPoolSizeToVRAM:0]]
[2019.07.30-14.19.37:021][  0]LogConfig: Setting CVar [[r.Streaming.PoolSize:1000]]
[2019.07.30-14.19.37:021][  0]LogConfig: Setting CVar [[r.Streaming.MaxEffectiveScreenSize:0]]
[2019.07.30-14.19.37:021][  0]LogConfig: Applying CVar settings from Section [EffectsQuality@3] File [D:/UnrealProjects/VRProject/Saved/Config/Windows/Scalability.ini]
[2019.07.30-14.19.37:021][  0]LogConfig: Setting CVar [[r.TranslucencyLightingVolumeDim:4]]
[2019.07.30-14.19.37:021][  0]LogConfig: Setting CVar [[r.RefractionQuality:2]]
[2019.07.30-14.19.37:021][  0]LogConfig: Setting CVar [[r.SSR.Quality:0]]
[2019.07.30-14.19.37:021][  0]LogConfig: Setting CVar [[r.SceneColorFormat:2]]
[2019.07.30-14.19.37:021][  0]LogConfig: Setting CVar [[r.DetailMode:2]]
[2019.07.30-14.19.37:021][  0]LogConfig: Setting CVar [[r.TranslucencyVolumeBlur:0]]
[2019.07.30-14.19.37:021][  0]LogConfig: Setting CVar [[r.MaterialQualityLevel:1 ; High quality]]
[2019.07.30-14.19.37:021][  0]LogConfig: Setting CVar [[r.SSS.Scale:1]]
[2019.07.30-14.19.37:021][  0]LogConfig: Setting CVar [[r.SSS.SampleSet:2]]
[2019.07.30-14.19.37:021][  0]LogConfig: Setting CVar [[r.SSS.Quality:1]]
[2019.07.30-14.19.37:021][  0]LogConfig: Setting CVar [[r.SSS.HalfRes:1]]
[2019.07.30-14.19.37:021][  0]LogConfig: Setting CVar [[r.EmitterSpawnRateScale:1.0]]
[2019.07.30-14.19.37:021][  0]LogConfig: Setting CVar [[r.ParticleLightQuality:2]]
[2019.07.30-14.19.37:021][  0]LogConfig: Applying CVar settings from Section [FoliageQuality@3] File [D:/UnrealProjects/VRProject/Saved/Config/Windows/Scalability.ini]
[2019.07.30-14.19.37:021][  0]LogConfig: Setting CVar [[foliage.DensityScale:1.0]]
[2019.07.30-14.19.37:021][  0]LogConfig: Setting CVar [[grass.DensityScale:1.0]]
[2019.07.30-14.19.37:021][  0]LogConfig: Applying CVar settings from Section [Startup] File [../../../Engine/Config/ConsoleVariables.ini]
[2019.07.30-14.19.37:021][  0]LogConfig: Setting CVar [[net.UseAdaptiveNetUpdateFrequency:0]]
[2019.07.30-14.19.37:021][  0]LogConfig: Setting CVar [[p.chaos.AllowCreatePhysxBodies:1]]
[2019.07.30-14.19.37:021][  0]LogConfig: Applying CVar settings from Section [ConsoleVariables] File [D:/UnrealProjects/VRProject/Saved/Config/Windows/Engine.ini]
[2019.07.30-14.19.37:021][  0]LogInit: Computer: DESKTOP-AUG5PK7
[2019.07.30-14.19.37:021][  0]LogInit: User: Swieca
[2019.07.30-14.19.37:021][  0]LogInit: CPU Page size=4096, Cores=4
[2019.07.30-14.19.37:021][  0]LogInit: High frequency timer resolution =10.000000 MHz
[2019.07.30-14.19.37:021][  0]LogMemory: Memory total: Physical=15.9GB (16GB approx)
[2019.07.30-14.19.37:021][  0]LogMemory: Platform Memory Stats for Windows
[2019.07.30-14.19.37:021][  0]LogMemory: Process Physical Memory: 102.23 MB used, 102.23 MB peak
[2019.07.30-14.19.37:021][  0]LogMemory: Process Virtual Memory: 96.58 MB used, 96.58 MB peak
[2019.07.30-14.19.37:021][  0]LogMemory: Physical Memory: 6132.89 MB used,  10194.82 MB free, 16327.71 MB total
[2019.07.30-14.19.37:021][  0]LogMemory: Virtual Memory: 4683.55 MB used,  134213048.00 MB free, 134217728.00 MB total
[2019.07.30-14.19.37:032][  0]LogInit: Using OS detected language (en-US).
[2019.07.30-14.19.37:032][  0]LogInit: Using OS detected locale (en-US).
[2019.07.30-14.19.37:033][  0]LogTextLocalizationManager: No specific localization for 'en-US' exists, so the 'en' localization will be used.
[2019.07.30-14.19.37:169][  0]LogInit: Setting process to per monitor DPI aware
[2019.07.30-14.19.37:189][  0]LogSlate: New Slate User Created.  User Index 0, Is Virtual User: 0
[2019.07.30-14.19.37:189][  0]LogSlate: Slate User Registered.  User Index 0, Is Virtual User: 0
[2019.07.30-14.19.37:297][  0]LogD3D11RHI: D3D11 adapters:
[2019.07.30-14.19.37:350][  0]LogD3D11RHI:    0. 'NVIDIA GeForce GTX 770' (Feature Level 11_0)
[2019.07.30-14.19.37:350][  0]LogD3D11RHI:       2007/0/8163 MB DedicatedVideo/DedicatedSystem/SharedSystem, Outputs:1, VendorId:0x10de
[2019.07.30-14.19.37:352][  0]LogD3D11RHI:    1. 'Microsoft Basic Render Driver' (Feature Level 11_0)
[2019.07.30-14.19.37:352][  0]LogD3D11RHI:       0/0/8163 MB DedicatedVideo/DedicatedSystem/SharedSystem, Outputs:0, VendorId:0x1414
[2019.07.30-14.19.37:352][  0]LogD3D11RHI: Chosen D3D11 Adapter: 0
[2019.07.30-14.19.37:357][  0]LogD3D11RHI: Creating new Direct3DDevice
[2019.07.30-14.19.37:357][  0]LogD3D11RHI:     GPU DeviceId: 0x1184 (for the marketing name, search the web for "GPU Device Id")
[2019.07.30-14.19.37:357][  0]LogWindows: EnumDisplayDevices:
[2019.07.30-14.19.37:357][  0]LogWindows:    0. 'NVIDIA GeForce GTX 770' (P:1 D:1)
[2019.07.30-14.19.37:357][  0]LogWindows:    1. 'NVIDIA GeForce GTX 770' (P:0 D:0)
[2019.07.30-14.19.37:357][  0]LogWindows:    2. 'NVIDIA GeForce GTX 770' (P:0 D:0)
[2019.07.30-14.19.37:357][  0]LogWindows:    3. 'NVIDIA GeForce GTX 770' (P:0 D:0)
[2019.07.30-14.19.37:357][  0]LogWindows: DebugString: FoundDriverCount:4 
[2019.07.30-14.19.37:357][  0]LogD3D11RHI:     Adapter Name: NVIDIA GeForce GTX 770
[2019.07.30-14.19.37:357][  0]LogD3D11RHI:   Driver Version: 431.60 (internal:26.21.14.3160, unified:431.60)
[2019.07.30-14.19.37:357][  0]LogD3D11RHI:      Driver Date: 7-17-2019
[2019.07.30-14.19.37:357][  0]LogRHI: Texture pool is 1404 MB (70% of 2007 MB)
[2019.07.30-14.19.37:387][  0]LogD3D11RHI: Async texture creation enabled
[2019.07.30-14.19.37:390][  0]LogRendererCore: FGlobalReadBuffer::InitRHI
[2019.07.30-14.19.37:390][  0]LogRendererCore: FGlobalReadBuffer::InitRHI
[2019.07.30-14.19.37:390][  0]LogRendererCore: FGlobalReadBuffer::InitRHI
[2019.07.30-14.19.37:404][  0]LogD3D11RHI: GPU Timing Frequency: 1000.000000 (Debug: 2 2)
[2019.07.30-14.19.37:738][  0]LogTemp: Display: Module 'AllDesktopTargetPlatform' loaded TargetPlatform 'AllDesktop'
[2019.07.30-14.19.37:749][  0]LogTemp: Display: Module 'MacClientTargetPlatform' loaded TargetPlatform 'MacClient'
[2019.07.30-14.19.37:762][  0]LogTemp: Display: Module 'MacNoEditorTargetPlatform' loaded TargetPlatform 'MacNoEditor'
[2019.07.30-14.19.37:771][  0]LogTemp: Display: Module 'MacServerTargetPlatform' loaded TargetPlatform 'MacServer'
[2019.07.30-14.19.37:782][  0]LogTemp: Display: Module 'MacTargetPlatform' loaded TargetPlatform 'Mac'
[2019.07.30-14.19.37:791][  0]LogTemp: Display: Module 'WindowsClientTargetPlatform' loaded TargetPlatform 'WindowsClient'
[2019.07.30-14.19.37:801][  0]LogTemp: Display: Module 'WindowsNoEditorTargetPlatform' loaded TargetPlatform 'WindowsNoEditor'
[2019.07.30-14.19.37:811][  0]LogTemp: Display: Module 'WindowsServerTargetPlatform' loaded TargetPlatform 'WindowsServer'
[2019.07.30-14.19.37:817][  0]LogTemp: Display: Module 'WindowsTargetPlatform' loaded TargetPlatform 'Windows'
[2019.07.30-14.19.37:893][  0]LogTemp: Display: Module 'AndroidTargetPlatform' loaded TargetPlatform 'Android'
[2019.07.30-14.19.37:893][  0]LogTemp: Display: Module 'AndroidTargetPlatform' loaded TargetPlatform 'Android_ASTC'
[2019.07.30-14.19.37:893][  0]LogTemp: Display: Module 'AndroidTargetPlatform' loaded TargetPlatform 'Android_ATC'
[2019.07.30-14.19.37:893][  0]LogTemp: Display: Module 'AndroidTargetPlatform' loaded TargetPlatform 'Android_DXT'
[2019.07.30-14.19.37:893][  0]LogTemp: Display: Module 'AndroidTargetPlatform' loaded TargetPlatform 'Android_ETC1'
[2019.07.30-14.19.37:893][  0]LogTemp: Display: Module 'AndroidTargetPlatform' loaded TargetPlatform 'Android_ETC1a'
[2019.07.30-14.19.37:893][  0]LogTemp: Display: Module 'AndroidTargetPlatform' loaded TargetPlatform 'Android_ETC2'
[2019.07.30-14.19.37:893][  0]LogTemp: Display: Module 'AndroidTargetPlatform' loaded TargetPlatform 'Android_PVRTC'
[2019.07.30-14.19.37:893][  0]LogTemp: Display: Module 'AndroidTargetPlatform' loaded TargetPlatform 'AndroidClient'
[2019.07.30-14.19.37:893][  0]LogTemp: Display: Module 'AndroidTargetPlatform' loaded TargetPlatform 'Android_ASTCClient'
[2019.07.30-14.19.37:893][  0]LogTemp: Display: Module 'AndroidTargetPlatform' loaded TargetPlatform 'Android_ATCClient'
[2019.07.30-14.19.37:893][  0]LogTemp: Display: Module 'AndroidTargetPlatform' loaded TargetPlatform 'Android_DXTClient'
[2019.07.30-14.19.37:893][  0]LogTemp: Display: Module 'AndroidTargetPlatform' loaded TargetPlatform 'Android_ETC1Client'
[2019.07.30-14.19.37:893][  0]LogTemp: Display: Module 'AndroidTargetPlatform' loaded TargetPlatform 'Android_ETC1aClient'
[2019.07.30-14.19.37:893][  0]LogTemp: Display: Module 'AndroidTargetPlatform' loaded TargetPlatform 'Android_ETC2Client'
[2019.07.30-14.19.37:893][  0]LogTemp: Display: Module 'AndroidTargetPlatform' loaded TargetPlatform 'Android_PVRTCClient'
[2019.07.30-14.19.37:893][  0]LogTemp: Display: Module 'AndroidTargetPlatform' loaded TargetPlatform 'Android_Multi'
[2019.07.30-14.19.37:893][  0]LogTemp: Display: Module 'AndroidTargetPlatform' loaded TargetPlatform 'Android_MultiClient'
[2019.07.30-14.19.37:894][  0]LogTemp: Display: Module 'HTML5TargetPlatform' loaded TargetPlatform 'HTML5'
[2019.07.30-14.19.37:936][  0]LogTemp: Display: Module 'IOSTargetPlatform' loaded TargetPlatform 'IOSClient'
[2019.07.30-14.19.37:936][  0]LogTemp: Display: Module 'IOSTargetPlatform' loaded TargetPlatform 'IOS'
[2019.07.30-14.19.37:953][  0]LogTemp: Display: Module 'TVOSTargetPlatform' loaded TargetPlatform 'TVOSClient'
[2019.07.30-14.19.37:953][  0]LogTemp: Display: Module 'TVOSTargetPlatform' loaded TargetPlatform 'TVOS'
[2019.07.30-14.19.37:963][  0]LogTemp: Display: Module 'LinuxClientTargetPlatform' loaded TargetPlatform 'LinuxClient'
[2019.07.30-14.19.37:972][  0]LogTemp: Display: Module 'LinuxNoEditorTargetPlatform' loaded TargetPlatform 'LinuxNoEditor'
[2019.07.30-14.19.37:982][  0]LogTemp: Display: Module 'LinuxServerTargetPlatform' loaded TargetPlatform 'LinuxServer'
[2019.07.30-14.19.37:995][  0]LogTemp: Display: Module 'LinuxTargetPlatform' loaded TargetPlatform 'Linux'
[2019.07.30-14.19.38:029][  0]LogTemp: Display: Module 'LuminTargetPlatform' loaded TargetPlatform 'Lumin'
[2019.07.30-14.19.38:029][  0]LogTemp: Display: Module 'LuminTargetPlatform' loaded TargetPlatform 'LuminClient'
[2019.07.30-14.19.38:029][  0]LogTargetPlatformManager: Display: Building Assets For Windows
[2019.07.30-14.19.38:034][  0]LogAudioDebug: Display: Lib vorbis DLL was dynamically loaded.
[2019.07.30-14.19.38:079][  0]LogShaderCompilers: Guid format shader working directory is 4 characters bigger than the processId version (../../../../../../UnrealProjects/VRProject/Intermediate/Shaders/WorkingDirectory/11044/).
[2019.07.30-14.19.38:080][  0]LogShaderCompilers: Cleaned the shader compiler working directory 'C:/Users/Swieca/AppData/Local/Temp/UnrealShaderWorkingDir/9CDA62494217CE56066D7DB685097556/'.
[2019.07.30-14.19.38:080][  0]LogXGEController: Cannot use XGE Controller as Incredibuild is not installed on this machine.
[2019.07.30-14.19.38:080][  0]LogShaderCompilers: Cannot use XGE Shader Compiler as Incredibuild is not installed on this machine.
[2019.07.30-14.19.38:080][  0]LogShaderCompilers: Display: Using Local Shader Compiler.
[2019.07.30-14.19.38:510][  0]LogDerivedDataCache: Display: Max Cache Size: 512 MB
[2019.07.30-14.19.38:561][  0]LogDerivedDataCache: Loaded boot cache 0.05s 86MB C:/Users/Swieca/AppData/Local/UnrealEngine/4.22/DerivedDataCache/Boot.ddc.
[2019.07.30-14.19.38:561][  0]LogDerivedDataCache: Display: Loaded Boot cache: C:/Users/Swieca/AppData/Local/UnrealEngine/4.22/DerivedDataCache/Boot.ddc
[2019.07.30-14.19.38:561][  0]LogDerivedDataCache: FDerivedDataBackendGraph:  Pak pak cache file ../../../../../../UnrealProjects/VRProject/DerivedDataCache/DDC.ddp not found, will not use a pak cache.
[2019.07.30-14.19.38:562][  0]LogDerivedDataCache: Unable to find inner node Pak for hierarchical cache Hierarchy.
[2019.07.30-14.19.38:562][  0]LogDerivedDataCache: FDerivedDataBackendGraph:  CompressedPak pak cache file ../../../../../../UnrealProjects/VRProject/DerivedDataCache/Compressed.ddp not found, will not use a pak cache.
[2019.07.30-14.19.38:562][  0]LogDerivedDataCache: Unable to find inner node CompressedPak for hierarchical cache Hierarchy.
[2019.07.30-14.19.38:572][  0]LogDerivedDataCache: Display: Pak cache opened for reading ../../../Engine/DerivedDataCache/Compressed.ddp.
[2019.07.30-14.19.38:572][  0]LogDerivedDataCache: FDerivedDataBackendGraph:  EnterprisePak pak cache file ../../../Enterprise/DerivedDataCache/Compressed.ddp not found, will not use a pak cache.
[2019.07.30-14.19.38:572][  0]LogDerivedDataCache: Unable to find inner node EnterprisePak for hierarchical cache Hierarchy.
[2019.07.30-14.19.38:584][  0]LogDerivedDataCache: Using Local data cache path C:/Users/Swieca/AppData/Local/UnrealEngine/Common/DerivedDataCache: Writable
[2019.07.30-14.19.38:584][  0]LogDerivedDataCache: Shared data cache path not found in *engine.ini, will not use an Shared cache.
[2019.07.30-14.19.38:584][  0]LogDerivedDataCache: Unable to find inner node Shared for hierarchical cache Hierarchy.
[2019.07.30-14.19.38:602][  0]LogMaterial: Verifying Global Shaders for PCD3D_SM5
[2019.07.30-14.19.38:603][  0]LogSlate: Using FreeType 2.6.0
[2019.07.30-14.19.38:603][  0]LogSlate: SlateFontServices - WITH_FREETYPE: 1, WITH_HARFBUZZ: 1
[2019.07.30-14.19.38:670][  0]LogAssetRegistry: FAssetRegistry took 0.0306 seconds to start up
[2019.07.30-14.19.38:923][  0]LogInit: Selected Device Profile: [Windows]
[2019.07.30-14.19.39:035][  0]LogMeshReduction: Using QuadricMeshReduction for automatic static mesh reduction
[2019.07.30-14.19.39:035][  0]LogMeshReduction: Using SimplygonMeshReduction for automatic skeletal mesh reduction
[2019.07.30-14.19.39:035][  0]LogMeshReduction: Using ProxyLODMeshReduction for automatic mesh merging
[2019.07.30-14.19.39:035][  0]LogMeshReduction: No distributed automatic mesh merging module available
[2019.07.30-14.19.39:035][  0]LogMeshMerging: No distributed automatic mesh merging module available
[2019.07.30-14.19.39:043][  0]LogNetVersion: VRProject 1.0.0, NetCL: 5660361, EngineNetVer: 10, GameNetVer: 0 (Checksum: 2799263511)
[2019.07.30-14.19.39:552][  0]LogPackageLocalizationCache: Processed 10 localized package path(s) for 1 prioritized culture(s) in 0.155870 seconds
[2019.07.30-14.19.39:557][  0]LogUObjectArray: 42205 objects as part of root set at end of initial load.
[2019.07.30-14.19.39:557][  0]LogUObjectAllocator: 7325032 out of 0 bytes used by permanent object pool.
[2019.07.30-14.19.39:557][  0]LogUObjectArray: CloseDisregardForGC: 0/0 objects in disregard for GC pool
[2019.07.30-14.19.40:174][  0]LogTcpMessaging: Initializing TcpMessaging bridge
[2019.07.30-14.19.40:186][  0]LogUdpMessaging: Initializing bridge on interface 0.0.0.0:0 to multicast group 230.0.0.1:6666.
[2019.07.30-14.19.40:273][  0]SourceControl: Source control is disabled
[2019.07.30-14.19.40:273][  0]SourceControl: Source control is disabled
[2019.07.30-14.19.40:273][  0]SourceControl: Source control is disabled
[2019.07.30-14.19.40:274][  0]SourceControl: Source control is disabled
[2019.07.30-14.19.40:317][  0]LogAndroidPermission: UAndroidPermissionCallbackProxy::GetInstance
[2019.07.30-14.19.40:390][  0]LogOcInput: OculusInput pre-init called
[2019.07.30-14.19.40:881][  0]LogEngine: Initializing Engine...
[2019.07.30-14.19.40:882][  0]LogHMD: Oculus plugin initialized. Version: 4.22.3-7053642+++UE4+Release-4.22, OVRPlugin: 1.32.0
[2019.07.30-14.19.40:883][  0]LogStats: UGameplayTagsManager::InitializeManager -  0.000 s
[2019.07.30-14.19.41:047][  0]LogInit: Initializing FReadOnlyCVARCache
[2019.07.30-14.19.41:054][  0]LogAIModule: Creating AISystem for world Untitled
[2019.07.30-14.19.41:080][  0]LogInit: XAudio2 using 'Speakers (Sound Blaster Recon3Di)' : 2 channels at 48 kHz using 32 bits per sample (channel mask 0x3)
[2019.07.30-14.19.41:092][  0]LogInit: FAudioDevice initialized.
[2019.07.30-14.19.41:092][  0]LogNetVersion: Set ProjectVersion to 1.0.0.0. Version Checksum will be recalculated on next use.
[2019.07.30-14.19.41:180][  0]LogDerivedDataCache: Saved boot cache 0.09s 86MB C:/Users/Swieca/AppData/Local/UnrealEngine/4.22/DerivedDataCache/Boot.ddc.
[2019.07.30-14.19.41:192][  0]LogInit: Texture streaming: Enabled
[2019.07.30-14.19.41:202][  0]LogEngineSessionManager: EngineSessionManager initialized
[2019.07.30-14.19.41:237][  0]LogInit: Transaction tracking system initialized
[2019.07.30-14.19.41:261][  0]BlueprintLog: New page: Editor Load
[2019.07.30-14.19.41:346][  0]LocalizationService: Localization service is disabled
[2019.07.30-14.19.41:745][  0]LogFileCache: Scanning file cache for directory 'D:/UnrealProjects/VRProject/Content/' took 0.01s
[2019.07.30-14.19.41:745][  0]LogCook: Display: Max memory allowance for cook 16384mb min free memory 0mb
[2019.07.30-14.19.41:745][  0]LogCook: Display: Mobile HDR setting 1
[2019.07.30-14.19.41:897][  0]SourceControl: Source control is disabled
[2019.07.30-14.19.41:897][  0]Cmd: MAP LOAD FILE="../../../../../../UnrealProjects/VRProject/Content/VirtualRealityBP/Maps/StartupMap.umap" TEMPLATE=0 SHOWPROGRESS=1 FEATURELEVEL=3
[2019.07.30-14.19.42:039][  0]LightingResults: New page: Lighting Build
[2019.07.30-14.19.42:040][  0]MapCheck: New page: Map Check
[2019.07.30-14.19.42:040][  0]LightingResults: New page: Lighting Build
[2019.07.30-14.19.42:061][  0]LogUObjectHash: Compacting FUObjectHashTables data took   1.38ms
[2019.07.30-14.19.43:783][  0]LogAIModule: Creating AISystem for world StartupMap
[2019.07.30-14.19.44:488][  0]LogEditorServer: Finished looking for orphan Actors (0.000 secs)
[2019.07.30-14.19.44:510][  0]LogUObjectHash: Compacting FUObjectHashTables data took   0.79ms
[2019.07.30-14.19.44:510][  0]Cmd: MAP CHECKDEP NOCLEARLOG
[2019.07.30-14.19.44:510][  0]MapCheck: Map check complete: 0 Error(s), 0 Warning(s), took 0.08ms to complete.
[2019.07.30-14.19.44:510][  0]LogFileHelpers: Loading map 'StartupMap' took 2.613
[2019.07.30-14.19.45:974][  0]LogSlate: Updating window title bar state: overlay mode, drag disabled, window buttons hidden, title bar hidden
[2019.07.30-14.19.46:029][  0]LogSlate: Updating window title bar state: overlay mode, drag disabled, window buttons hidden, title bar hidden
[2019.07.30-14.19.46:034][  0]LogSlate: Updating window title bar state: overlay mode, drag disabled, window buttons hidden, title bar hidden
[2019.07.30-14.19.46:039][  0]LogSlate: Updating window title bar state: overlay mode, drag disabled, window buttons hidden, title bar hidden
[2019.07.30-14.19.46:181][  0]LogCollectionManager: Loaded 0 collections in 0.000674 seconds
[2019.07.30-14.19.46:574][  0]LogFileCache: Scanning file cache for directory 'D:/UnrealProjects/VRProject/Saved/Collections/' took 0.01s
[2019.07.30-14.19.46:574][  0]LogFileCache: Scanning file cache for directory 'D:/UnrealProjects/VRProject/Content/Developers/Swieca/Collections/' took 0.00s
[2019.07.30-14.19.46:574][  0]LogFileCache: Scanning file cache for directory 'D:/UnrealProjects/VRProject/Content/Collections/' took 0.00s
[2019.07.30-14.19.46:574][  0]LogCollectionManager: Rebuilt the GUID cache for 0 collections in 0.000000 seconds
[2019.07.30-14.19.46:583][  0]LogContentBrowser: Native class hierarchy populated in 0.0072 seconds. Added 2732 classes and 659 folders.
[2019.07.30-14.19.46:823][  0]LogContentBrowser: Native class hierarchy updated for 'WidgetCarousel' in 0.0002 seconds. Added 0 classes and 0 folders.
[2019.07.30-14.19.46:874][  0]LogPakFile: Registered encryption key '00000000000000000000000000000000': 0 pak files mounted, 0 remain pending
[2019.07.30-14.19.46:944][  0]LogPakFile: Registered encryption key '00000000000000000000000000000000': 0 pak files mounted, 0 remain pending
[2019.07.30-14.19.46:956][  0]LogPakFile: Registered encryption key '00000000000000000000000000000000': 0 pak files mounted, 0 remain pending
[2019.07.30-14.19.46:962][  0]LogPakFile: Registered encryption key '00000000000000000000000000000000': 0 pak files mounted, 0 remain pending
[2019.07.30-14.19.46:967][  0]LogPakFile: Registered encryption key '00000000000000000000000000000000': 0 pak files mounted, 0 remain pending
[2019.07.30-14.19.46:971][  0]LogPakFile: Registered encryption key '00000000000000000000000000000000': 0 pak files mounted, 0 remain pending
[2019.07.30-14.19.46:999][  0]LogPakFile: Registered encryption key '00000000000000000000000000000000': 0 pak files mounted, 0 remain pending
[2019.07.30-14.19.47:008][  0]LogPakFile: Registered encryption key '00000000000000000000000000000000': 0 pak files mounted, 0 remain pending
[2019.07.30-14.19.47:014][  0]LogPakFile: Registered encryption key '00000000000000000000000000000000': 0 pak files mounted, 0 remain pending
[2019.07.30-14.19.47:019][  0]LogPakFile: Registered encryption key '00000000000000000000000000000000': 0 pak files mounted, 0 remain pending
[2019.07.30-14.19.47:057][  0]LogPakFile: Registered encryption key '00000000000000000000000000000000': 0 pak files mounted, 0 remain pending
[2019.07.30-14.19.47:082][  0]LogPakFile: Registered encryption key '00000000000000000000000000000000': 0 pak files mounted, 0 remain pending
[2019.07.30-14.19.47:088][  0]LogPakFile: Registered encryption key '00000000000000000000000000000000': 0 pak files mounted, 0 remain pending
[2019.07.30-14.19.47:092][  0]LogPakFile: Registered encryption key '00000000000000000000000000000000': 0 pak files mounted, 0 remain pending
[2019.07.30-14.19.47:097][  0]LogPakFile: Registered encryption key '00000000000000000000000000000000': 0 pak files mounted, 0 remain pending
[2019.07.30-14.19.47:146][  0]LogPakFile: Registered encryption key '00000000000000000000000000000000': 0 pak files mounted, 0 remain pending
[2019.07.30-14.19.47:170][  0]LogPakFile: Registered encryption key '00000000000000000000000000000000': 0 pak files mounted, 0 remain pending
[2019.07.30-14.19.47:176][  0]LogPakFile: Registered encryption key '00000000000000000000000000000000': 0 pak files mounted, 0 remain pending
[2019.07.30-14.19.47:181][  0]LogPakFile: Registered encryption key '00000000000000000000000000000000': 0 pak files mounted, 0 remain pending
[2019.07.30-14.19.47:186][  0]LogPakFile: Registered encryption key '00000000000000000000000000000000': 0 pak files mounted, 0 remain pending
[2019.07.30-14.19.47:191][  0]LogPakFile: Registered encryption key '00000000000000000000000000000000': 0 pak files mounted, 0 remain pending
[2019.07.30-14.19.47:213][  0]LogPakFile: Registered encryption key '00000000000000000000000000000000': 0 pak files mounted, 0 remain pending
[2019.07.30-14.19.47:217][  0]LogPakFile: Registered encryption key '00000000000000000000000000000000': 0 pak files mounted, 0 remain pending
[2019.07.30-14.19.47:222][  0]LogPakFile: Registered encryption key '00000000000000000000000000000000': 0 pak files mounted, 0 remain pending
[2019.07.30-14.19.47:227][  0]LogPakFile: Registered encryption key '00000000000000000000000000000000': 0 pak files mounted, 0 remain pending
[2019.07.30-14.19.47:232][  0]LogPakFile: Registered encryption key '00000000000000000000000000000000': 0 pak files mounted, 0 remain pending
[2019.07.30-14.19.47:997][  0]LogContentBrowser: Native class hierarchy updated for 'AddContentDialog' in 0.0002 seconds. Added 0 classes and 0 folders.
[2019.07.30-14.19.48:055][  0]LogContentBrowser: Native class hierarchy updated for 'SceneOutliner' in 0.0002 seconds. Added 1 classes and 2 folders.
[2019.07.30-14.19.49:377][  0]LogContentBrowser: Native class hierarchy updated for 'HierarchicalLODOutliner' in 0.0002 seconds. Added 0 classes and 0 folders.
[2019.07.30-14.19.49:378][  0]LogLoad: (Engine Initialization) Total time: 14.54 seconds
[2019.07.30-14.19.49:378][  0]LogLoad: (Engine Initialization) Total Blueprint compile time: 0.00 seconds
[2019.07.30-14.19.49:392][  0]LogOcInput: OculusInput is initialized
[2019.07.30-14.19.49:477][  0]LogAssetRegistry: Asset discovery search completed in 10.8292 seconds
[2019.07.30-14.19.49:479][  0]LogCollectionManager: Rebuilt the object cache for 0 collections in 0.000000 seconds (found 0 objects)
[2019.07.30-14.19.49:479][  0]LogCollectionManager: Fixed up redirectors for 0 collections in 0.000034 seconds (updated 0 objects)
[2019.07.30-14.19.49:580][  0]LogContentStreaming: Texture pool size now 1000 MB
[2019.07.30-14.19.49:669][  0]LogSlate: Took 0.000114 seconds to synchronously load lazily loaded font '../../../Engine/Content/Slate/Fonts/Roboto-Regular.ttf' (155K)
[2019.07.30-14.19.49:670][  0]LogSlate: Took 0.000079 seconds to synchronously load lazily loaded font '../../../Engine/Content/Slate/Fonts/Roboto-Bold.ttf' (160K)
[2019.07.30-14.19.49:867][  0]LogSlate: Took 0.039179 seconds to synchronously load lazily loaded font '../../../Engine/Content/Editor/Slate/Fonts/FontAwesome.ttf' (139K)
[2019.07.30-14.19.51:202][  0]LogRenderer: Reallocating scene render targets to support 804x360 Format 26 NumSamples 1 (Frame:1).
[2019.07.30-14.19.51:202][  0]LogSlate: Took 0.117687 seconds to synchronously load lazily loaded font '../../../Engine/Content/Slate/Fonts/Roboto-Light.ttf' (167K)
[2019.07.30-14.22.22:759][342]LogRenderer: Reallocating scene render targets to support 1208x572 Format 26 NumSamples 1 (Frame:5021).
[2019.07.30-14.27.45:148][  6]LogSlate: FSceneViewport::OnFocusLost() reason 0
[2019.07.30-14.35.59:533][231]LogHttp: Warning: 000001A3CD6DEAC0: request failed, libcurl error: 56 (Failure when receiving data from the peer)
[2019.07.30-14.35.59:534][231]LogHttp: Warning: 000001A3CD6DEAC0: libcurl info message cache 0 (Found bundle for host datarouter.ol.epicgames.com: 0x1a392bdbf70 [can pipeline])
[2019.07.30-14.35.59:534][231]LogHttp: Warning: 000001A3CD6DEAC0: libcurl info message cache 1 (Re-using existing connection! (#6) with host datarouter.ol.epicgames.com)
[2019.07.30-14.35.59:534][231]LogHttp: Warning: 000001A3CD6DEAC0: libcurl info message cache 2 (Connected to datarouter.ol.epicgames.com (18.210.68.80) port 443 (#6))
[2019.07.30-14.35.59:534][231]LogHttp: Warning: 000001A3CD6DEAC0: libcurl info message cache 3 (We are completely uploaded and fine)
[2019.07.30-14.35.59:534][231]LogHttp: Warning: 000001A3CD6DEAC0: libcurl info message cache 4 (OpenSSL SSL_read: SSL_ERROR_SYSCALL, errno 10054)
[2019.07.30-14.35.59:534][231]LogHttp: Warning: 000001A3CD6DEAC0: libcurl info message cache 5 (Connection died, retrying a fresh connect)
[2019.07.30-14.35.59:534][231]LogHttp: Warning: 000001A3CD6DEAC0: libcurl info message cache 6 (necessary data rewind wasn't possible)
[2019.07.30-14.35.59:534][231]LogHttp: Warning: 000001A3CD6DEAC0: libcurl info message cache 7 (Closing connection 6)
[2019.07.30-14.35.59:537][232]LogHttp: Warning: Retry exhausted on https://datarouter.ol.epicgames.com/datarouter/api/v1/public/data?SessionID=%7B1CAF3C31-49B4-F234-7829-94B66F934756%7D&AppID=UEEditor.Rocket.Release&AppVersion=4.22.3-7053642%2B%2B%2BUE4%2BRelease-4.22&UserID=d9963011414a8234d7d257a757862d13%7Caf60cd51aa324628919b29e486e88f1f%7Ce8c74878-8ab7-473b-94e8-7f2a0de46398&AppEnvironment=datacollector-binary&UploadType=eteventstream
[2019.07.30-16.01.00:987][544]LogHttp: Warning: 000001A3CD6DCF40: request failed, libcurl error: 6 (Couldn't resolve host name)
[2019.07.30-16.01.00:987][544]LogHttp: Warning: 000001A3CD6DCF40: libcurl info message cache 0 (Connection 45 seems to be dead!)
[2019.07.30-16.01.00:987][544]LogHttp: Warning: 000001A3CD6DCF40: libcurl info message cache 1 (Closing connection 45)
[2019.07.30-16.01.00:987][544]LogHttp: Warning: 000001A3CD6DCF40: libcurl info message cache 2 (TLSv1.2 (OUT), TLS alert, Client hello (1):)
[2019.07.30-16.01.00:987][544]LogHttp: Warning: 000001A3CD6DCF40: libcurl info message cache 3 (Could not resolve host: datarouter.ol.epicgames.com)
[2019.07.30-16.01.00:987][544]LogHttp: Warning: 000001A3CD6DCF40: libcurl info message cache 4 (Closing connection 46)
[2019.07.30-16.01.00:988][544]LogHttp: Warning: Retry exhausted on https://datarouter.ol.epicgames.com/datarouter/api/v1/public/data?SessionID=%7B1CAF3C31-49B4-F234-7829-94B66F934756%7D&AppID=UEEditor.Rocket.Release&AppVersion=4.22.3-7053642%2B%2B%2BUE4%2BRelease-4.22&UserID=d9963011414a8234d7d257a757862d13%7Caf60cd51aa324628919b29e486e88f1f%7Ce8c74878-8ab7-473b-94e8-7f2a0de46398&AppEnvironment=datacollector-binary&UploadType=eteventstream
[2019.07.30-18.12.59:294][761]LogSlate: Took 0.028225 seconds to synchronously load lazily loaded font '../../../Engine/Content/Slate/Fonts/Roboto-Light.ttf' (167K)
[2019.07.30-18.13.01:295][761]LogAIModule: Creating AISystem for world MotionControllerMap
[2019.07.30-18.13.01:534][761]LogAssetEditorManager: Opening Asset editor for World /Game/VirtualRealityBP/Maps/MotionControllerMap.MotionControllerMap
[2019.07.30-18.13.01:679][761]LogUObjectHash: Compacting FUObjectHashTables data took   3.40ms
[2019.07.30-18.13.01:720][761]Cmd: MAP LOAD FILE="../../../../../../UnrealProjects/VRProject/Content/VirtualRealityBP/Maps/MotionControllerMap.umap" TEMPLATE=0 SHOWPROGRESS=1 FEATURELEVEL=3
[2019.07.30-18.13.01:720][761]LightingResults: New page: Lighting Build
[2019.07.30-18.13.01:721][761]LoadErrors: New page: Loading map: MotionControllerMap.umap
[2019.07.30-18.13.01:807][761]MapCheck: New page: Map Check
[2019.07.30-18.13.01:807][761]LightingResults: New page: Lighting Build
[2019.07.30-18.13.01:947][761]LogUObjectHash: Compacting FUObjectHashTables data took   1.46ms
[2019.07.30-18.13.01:986][761]LogEditorServer: Finished looking for orphan Actors (0.000 secs)
[2019.07.30-18.13.02:043][761]LogUObjectHash: Compacting FUObjectHashTables data took   1.28ms
[2019.07.30-18.13.02:094][761]Cmd: MAP CHECKDEP NOCLEARLOG
[2019.07.30-18.13.02:095][761]MapCheck: Map check complete: 0 Error(s), 0 Warning(s), took 0.083ms to complete.
[2019.07.30-18.13.02:095][761]LogFileHelpers: Loading map 'MotionControllerMap' took 0.415
[2019.07.30-18.13.08:424][460]LogEditorViewport: Clicking on Actor (LMB): BP_PickupCube_C (EditorCube32)
[2019.07.30-18.13.09:849][469]LogEditorViewport: Clicking on Actor (LMB): BP_PickupCube_C (EditorCube32)
[2019.07.30-18.14.01:942][673]LogSlate: FSceneViewport::OnFocusLost() reason 0
[2019.07.30-18.14.37:559][935]LogSlate: Took 0.013943 seconds to synchronously load lazily loaded font '../../../Engine/Content/Slate/Fonts/Roboto-Italic.ttf' (157K)
[2019.07.30-18.14.42:677][545]LogAssetEditorManager: Opening Asset editor for Blueprint /Game/VirtualRealityBP/Blueprints/BP_PickupCube.BP_PickupCube
[2019.07.30-18.14.43:758][545]LogContentBrowser: Native class hierarchy updated for 'BlueprintGraph' in 0.0019 seconds. Added 121 classes and 0 folders.
[2019.07.30-18.14.45:073][545]LogMaterial: Display: Missing cached shader map for material GridMaterial, compiling. 
[2019.07.30-18.14.45:775][545]LogMaterial: Display: Missing cached shader map for material PersonaFloorMat, compiling. 
[2019.07.30-18.14.47:162][545]LogSlate: Took 0.036183 seconds to synchronously load lazily loaded font '../../../Engine/Content/Slate/Fonts/Roboto-BoldCondensed.ttf' (158K)
[2019.07.30-18.15.48:598][424]LogSlate: Window 'BP_PickupCube' being destroyed
[2019.07.30-18.15.53:982][ 15]LogSlate: Window 'BP_PickupCube' being destroyed
[2019.07.30-18.16.06:839][297]LogSlate: Window 'BP_PickupCube' being destroyed
[2019.07.30-18.16.11:354][836]LogSlate: Window 'BP_PickupCube' being destroyed
[2019.07.30-18.16.20:379][913]LogSlate: Window 'BP_PickupCube' being destroyed
[2019.07.30-18.16.36:498][396]LogAssetEditorManager: Opening Asset editor for Blueprint /Game/VirtualRealityBP/Blueprints/PickupActorInterface.PickupActorInterface
[2019.07.30-18.17.23:812][917]LogSelectionDetails: Warning: NavigateToFunctionSource:  Unable to find symbols for 'USceneComponent::K2_AttachToComponent' [The specified module could not be found.]
[2019.07.30-18.22.59:797][541]LogUObjectHash: Compacting FUObjectHashTables data took   2.86ms
[2019.07.30-18.23.00:628][541]LogSavePackage: Moving '../../../../../../UnrealProjects/VRProject/Saved/MotionControllerMap_Auto1142C5F824EB951C7D0FFD09A4552602E.tmp' to '../../../../../../UnrealProjects/VRProject/Saved/Autosaves/Game/VirtualRealityBP/Maps/MotionControllerMap_Auto1.umap'
[2019.07.30-18.23.00:674][541]LogFileHelpers: Editor autosave (incl. sublevels) for '/Game/VirtualRealityBP/Maps/MotionControllerMap' took 0.926
[2019.07.30-18.23.00:674][541]LogFileHelpers: Editor autosave (incl. sublevels) for all levels took 0.926
[2019.07.30-18.23.00:678][541]OBJ SavePackage: Generating thumbnails for [1] asset(s) in package [/Game/VirtualRealityBP/Blueprints/BP_PickupCube] ([1] browsable assets)...
[2019.07.30-18.23.00:779][541]OBJ SavePackage:     Rendered thumbnail for [Blueprint /Game/VirtualRealityBP/Blueprints/BP_PickupCube.BP_PickupCube]
[2019.07.30-18.23.00:779][541]OBJ SavePackage: Finished generating thumbnails for package [/Game/VirtualRealityBP/Blueprints/BP_PickupCube]
[2019.07.30-18.23.00:869][541]LogSavePackage: Moving '../../../../../../UnrealProjects/VRProject/Saved/BP_PickupCube_Auto1F81CBD37448FBF4F52CDBFB4CD56F02F.tmp' to '../../../../../../UnrealProjects/VRProject/Saved/Autosaves/Game/VirtualRealityBP/Blueprints/BP_PickupCube_Auto1.uasset'
[2019.07.30-18.23.00:869][541]LogFileHelpers: Auto-saving content packages took 0.192
[2019.07.30-22.00.05:574][535]LogSlate: Window 'BP_PickupCube' being destroyed
[2019.07.30-22.00.05:579][535]LogSlate: Window 'BP_PickupCube' being destroyed
[2019.07.30-22.00.06:284][583]LogUObjectHash: Compacting FUObjectHashTables data took   3.83ms
[2019.07.30-22.00.08:487][583]LogSlate: Window 'Save Content' being destroyed
[2019.07.30-22.00.08:528][583]Cmd: OBJ SAVEPACKAGE PACKAGE="/Game/VirtualRealityBP/Blueprints/BP_PickupCube" FILE="../../../../../../UnrealProjects/VRProject/Content/VirtualRealityBP/Blueprints/BP_PickupCube.uasset" SILENT=true
[2019.07.30-22.00.08:553][583]LogSavePackage: Moving '../../../../../../UnrealProjects/VRProject/Saved/BP_PickupCube20AC48DA4305B28FF76CD28E9983FEE6.tmp' to '../../../../../../UnrealProjects/VRProject/Content/VirtualRealityBP/Blueprints/BP_PickupCube.uasset'
[2019.07.30-22.00.08:608][583]LogUObjectHash: Compacting FUObjectHashTables data took   0.60ms
[2019.07.30-22.00.08:781][583]LogSavePackage: Moving '../../../../../../UnrealProjects/VRProject/Saved/MotionControllerMap5784DCA54B483DB0E080EBBCBB7F5A85.tmp' to '../../../../../../UnrealProjects/VRProject/Content/VirtualRealityBP/Maps/MotionControllerMap.umap'
[2019.07.30-22.00.08:801][583]LogFileHelpers: Saving map 'MotionControllerMap' took 0.219
[2019.07.30-22.00.08:929][583]LogSlate: Window 'VRProject - Unreal Editor' being destroyed
[2019.07.30-22.00.08:950][583]LogWindowsTextInputMethodSystem: Display: IME system now deactivated.
[2019.07.30-22.00.09:332][584]Cmd: QUIT_EDITOR
[2019.07.30-22.00.09:740][584]LogExit: Preparing to exit.
[2019.07.30-22.00.10:548][584]LogExit: Editor shut down
[2019.07.30-22.00.10:549][584]LogExit: Transaction tracking system shut down
[2019.07.30-22.00.13:060][584]LogExit: Object subsystem successfully closed.
[2019.07.30-22.00.14:004][584]LogShaderCompilers: Display: Shaders left to compile 0
[2019.07.30-22.00.14:112][584]LogD3D11RHI: Shutdown
[2019.07.30-22.00.14:112][584]LogD3D11RHI: CleanupD3DDevice
[2019.07.30-22.00.14:203][584]LogRendererCore: FGlobalReadBuffer::ReleaseRHI
[2019.07.30-22.00.14:203][584]LogRendererCore: FGlobalDynamicReadBuffer::Cleanup()
[2019.07.30-22.00.14:250][584]LogRendererCore: FGlobalReadBuffer::ReleaseRHI
[2019.07.30-22.00.14:250][584]LogRendererCore: FGlobalDynamicReadBuffer::Cleanup()
[2019.07.30-22.00.14:251][584]LogRendererCore: FGlobalReadBuffer::ReleaseRHI
[2019.07.30-22.00.14:251][584]LogRendererCore: FGlobalDynamicReadBuffer::Cleanup()
[2019.07.30-22.00.14:328][584]LogD3D11RHI: ~FD3D11DynamicRHI
[2019.07.30-22.00.16:800][584]LogModuleManager: Shutting down and abandoning module BlueprintGraph (644)
[2019.07.30-22.00.16:800][584]LogModuleManager: Shutting down and abandoning module HierarchicalLODOutliner (642)
[2019.07.30-22.00.16:800][584]LogModuleManager: Shutting down and abandoning module SceneOutliner (640)
[2019.07.30-22.00.16:800][584]LogModuleManager: Shutting down and abandoning module AddContentDialog (638)
[2019.07.30-22.00.16:808][584]LogModuleManager: Shutting down and abandoning module WidgetCarousel (637)
[2019.07.30-22.00.16:808][584]LogModuleManager: Shutting down and abandoning module EditorWidgets (634)
[2019.07.30-22.00.16:808][584]LogModuleManager: Shutting down and abandoning module CollectionManager (632)
[2019.07.30-22.00.16:813][584]LogModuleManager: Shutting down and abandoning module StatsViewer (630)
[2019.07.30-22.00.16:823][584]LogModuleManager: Shutting down and abandoning module FoliageEdit (628)
[2019.07.30-22.00.16:828][584]LogModuleManager: Shutting down and abandoning module LandscapeEditor (626)
[2019.07.30-22.00.16:837][584]LogModuleManager: Shutting down and abandoning module MeshPaintMode (624)
[2019.07.30-22.00.16:843][584]LogModuleManager: Shutting down and abandoning module SceneDepthPickerMode (622)
[2019.07.30-22.00.16:843][584]LogModuleManager: Shutting down and abandoning module ActorPickerMode (620)
[2019.07.30-22.00.16:843][584]LogModuleManager: Shutting down and abandoning module GeometryMode (618)
[2019.07.30-22.00.16:843][584]LogModuleManager: Shutting down and abandoning module TextureAlignMode (616)
[2019.07.30-22.00.16:844][584]LogModuleManager: Shutting down and abandoning module BspMode (614)
[2019.07.30-22.00.16:844][584]LogModuleManager: Shutting down and abandoning module PIEPreviewDeviceProfileSelector (612)
[2019.07.30-22.00.16:853][584]LogModuleManager: Shutting down and abandoning module SequenceRecorderSections (610)
[2019.07.30-22.00.16:863][584]LogModuleManager: Shutting down and abandoning module AutomationWorker (608)
[2019.07.30-22.00.16:867][584]LogModuleManager: Shutting down and abandoning module OculusMR (606)
[2019.07.30-22.00.16:867][584]LogModuleManager: Shutting down and abandoning module AudioCaptureEditor (604)
[2019.07.30-22.00.16:873][584]LogModuleManager: Shutting down and abandoning module MatineeToLevelSequence (602)
[2019.07.30-22.00.16:892][584]LogModuleManager: Shutting down and abandoning module LevelSequenceEditor (600)
[2019.07.30-22.00.16:932][584]LogModuleManager: Shutting down and abandoning module PlacementMode (599)
[2019.07.30-22.00.16:933][584]LogModuleManager: Shutting down and abandoning module MaterialEditor (598)
[2019.07.30-22.00.17:054][584]LogModuleManager: Shutting down and abandoning module ActorSequenceEditor (594)
[2019.07.30-22.00.17:067][584]LogModuleManager: Shutting down and abandoning module WmfMediaFactory (592)
[2019.07.30-22.00.17:067][584]LogModuleManager: Shutting down and abandoning module WmfMediaEditor (590)
[2019.07.30-22.00.17:067][584]LogModuleManager: Shutting down and abandoning module WebMMediaFactory (588)
[2019.07.30-22.00.17:067][584]LogModuleManager: Shutting down and abandoning module WebMMediaEditor (586)
[2019.07.30-22.00.17:067][584]LogModuleManager: Shutting down and abandoning module WebMMedia (584)
[2019.07.30-22.00.17:081][584]LogModuleManager: Shutting down and abandoning module MediaPlayerEditor (582)
[2019.07.30-22.00.17:090][584]LogModuleManager: Shutting down and abandoning module MediaCompositingEditor (580)
[2019.07.30-22.00.17:118][584]LogModuleManager: Shutting down and abandoning module SequenceRecorder (579)
[2019.07.30-22.00.17:118][584]LogModuleManager: Shutting down and abandoning module OpenExrWrapper (576)
[2019.07.30-22.00.17:118][584]LogModuleManager: Shutting down and abandoning module ImgMediaFactory (574)
[2019.07.30-22.00.17:118][584]LogModuleManager: Shutting down and abandoning module ImgMediaEditor (572)
[2019.07.30-22.00.17:118][584]LogModuleManager: Shutting down and abandoning module AvfMediaFactory (570)
[2019.07.30-22.00.17:118][584]LogModuleManager: Shutting down and abandoning module AvfMediaEditor (568)
[2019.07.30-22.00.17:118][584]LogModuleManager: Shutting down and abandoning module AndroidMediaFactory (566)
[2019.07.30-22.00.17:118][584]LogModuleManager: Shutting down and abandoning module AndroidMediaEditor (564)
[2019.07.30-22.00.17:118][584]LogModuleManager: Shutting down and abandoning module MagicLeapCameraPreviewFactory (562)
[2019.07.30-22.00.17:118][584]LogModuleManager: Shutting down and abandoning module MagicLeapMediaCodecFactory (560)
[2019.07.30-22.00.17:118][584]LogModuleManager: Shutting down and abandoning module MagicLeapMediaFactory (558)
[2019.07.30-22.00.17:118][584]LogModuleManager: Shutting down and abandoning module MagicLeapMediaEditor (556)
[2019.07.30-22.00.17:118][584]LogModuleManager: Shutting down and abandoning module CharacterAI (554)
[2019.07.30-22.00.17:118][584]LogModuleManager: Shutting down and abandoning module SmartSnapping (552)
[2019.07.30-22.00.17:118][584]LogModuleManager: Shutting down and abandoning module SessionServices (550)
[2019.07.30-22.00.17:118][584]LogModuleManager: Shutting down and abandoning module MeshPaint (548)
[2019.07.30-22.00.17:123][584]LogModuleManager: Shutting down and abandoning module ViewportSnapping (546)
[2019.07.30-22.00.17:123][584]LogModuleManager: Shutting down and abandoning module ViewportInteraction (544)
[2019.07.30-22.00.17:123][584]LogModuleManager: Shutting down and abandoning module ClothPainter (542)
[2019.07.30-22.00.17:171][584]LogModuleManager: Shutting down and abandoning module SkeletalMeshEditor (541)
[2019.07.30-22.00.17:183][584]LogModuleManager: Shutting down and abandoning module LogVisualizer (538)
[2019.07.30-22.00.17:192][584]LogModuleManager: Shutting down and abandoning module IntroTutorials (536)
[2019.07.30-22.00.17:238][584]LogModuleManager: Shutting down and abandoning module GameProjectGeneration (535)
[2019.07.30-22.00.17:308][584]LogModuleManager: Shutting down and abandoning module LuminPlatformEditor (532)
[2019.07.30-22.00.17:308][584]LogModuleManager: Shutting down and abandoning module IOSPlatformEditor (530)
[2019.07.30-22.00.17:308][584]LogModuleManager: Shutting down and abandoning module HTML5PlatformEditor (528)
[2019.07.30-22.00.17:308][584]LogModuleManager: Shutting down and abandoning module AndroidPlatformEditor (526)
[2019.07.30-22.00.17:335][584]LogModuleManager: Shutting down and abandoning module AndroidDeviceDetection (525)
[2019.07.30-22.00.19:119][584]LogModuleManager: Shutting down and abandoning module WindowsPlatformEditor (522)
[2019.07.30-22.00.19:119][584]LogModuleManager: Shutting down and abandoning module LuminRuntimeSettings (520)
[2019.07.30-22.00.19:119][584]LogModuleManager: Shutting down and abandoning module IOSRuntimeSettings (518)
[2019.07.30-22.00.19:119][584]LogModuleManager: Shutting down and abandoning module AndroidRuntimeSettings (516)
[2019.07.30-22.00.19:119][584]LogModuleManager: Shutting down and abandoning module TimeManagementEditor (514)
[2019.07.30-22.00.19:119][584]LogModuleManager: Shutting down and abandoning module InputBindingEditor (512)
[2019.07.30-22.00.19:140][584]LogModuleManager: Shutting down and abandoning module MergeActors (510)
[2019.07.30-22.00.19:157][584]LogModuleManager: Shutting down and abandoning module LocalizationDashboard (508)
[2019.07.30-22.00.19:261][584]LogModuleManager: Shutting down and abandoning module LocalizationService (507)
[2019.07.30-22.00.19:269][584]LogModuleManager: Shutting down and abandoning module HardwareTargeting (504)
[2019.07.30-22.00.19:269][584]LogModuleManager: Shutting down and abandoning module DeviceProfileEditor (502)
[2019.07.30-22.00.19:277][584]LogModuleManager: Shutting down and abandoning module UndoHistory (500)
[2019.07.30-22.00.19:281][584]LogModuleManager: Shutting down and abandoning module XmlParser (498)
[2019.07.30-22.00.19:281][584]LogModuleManager: Shutting down and abandoning module Blutility (496)
[2019.07.30-22.00.19:291][584]LogModuleManager: Shutting down and abandoning module ProjectSettingsViewer (494)
[2019.07.30-22.00.19:291][584]LogModuleManager: Shutting down and abandoning module ProjectTargetPlatformEditor (493)
[2019.07.30-22.00.19:292][584]LogModuleManager: Shutting down and abandoning module EditorSettingsViewer (490)
[2019.07.30-22.00.19:292][584]LogModuleManager: Shutting down and abandoning module SettingsEditor (488)
[2019.07.30-22.00.19:300][584]LogModuleManager: Shutting down and abandoning module ProjectLauncher (486)
[2019.07.30-22.00.19:314][584]LogModuleManager: Shutting down and abandoning module SessionFrontend (484)
[2019.07.30-22.00.19:323][584]LogModuleManager: Shutting down and abandoning module ProfilerClient (482)
[2019.07.30-22.00.19:333][584]LogModuleManager: Shutting down and abandoning module DeviceManager (480)
[2019.07.30-22.00.19:344][584]LogModuleManager: Shutting down and abandoning module TargetDeviceServices (479)
[2019.07.30-22.00.19:400][584]LogModuleManager: Shutting down and abandoning module AutomationController (476)
[2019.07.30-22.00.19:409][584]LogModuleManager: Shutting down and abandoning module AutomationWindow (474)
[2019.07.30-22.00.19:434][584]LogModuleManager: Shutting down and abandoning module Layers (472)
[2019.07.30-22.00.19:452][584]LogModuleManager: Shutting down and abandoning module ComponentVisualizers (470)
[2019.07.30-22.00.19:452][584]LogModuleManager: Shutting down and abandoning module DetailCustomizations (468)
[2019.07.30-22.00.19:461][584]LogModuleManager: Shutting down and abandoning module PackagesDialog (466)
[2019.07.30-22.00.19:461][584]LogModuleManager: Shutting down and abandoning module AnimationBlueprintEditor (464)
[2019.07.30-22.00.19:534][584]LogModuleManager: Shutting down and abandoning module Persona (462)
[2019.07.30-22.00.19:546][584]LogModuleManager: Shutting down and abandoning module AdvancedPreviewScene (461)
[2019.07.30-22.00.19:546][584]LogModuleManager: Shutting down and abandoning module AnimGraph (459)
[2019.07.30-22.00.19:546][584]LogModuleManager: Shutting down and abandoning module Kismet (456)
[2019.07.30-22.00.19:553][584]LogModuleManager: Shutting down and abandoning module GraphEditor (454)
[2019.07.30-22.00.19:558][584]LogModuleManager: Shutting down and abandoning module ClassViewer (452)
[2019.07.30-22.00.19:559][584]LogModuleManager: Shutting down and abandoning module Toolbox (450)
[2019.07.30-22.00.19:559][584]LogModuleManager: Shutting down and abandoning module ModuleUI (448)
[2019.07.30-22.00.19:568][584]LogModuleManager: Shutting down and abandoning module MovieSceneTools (446)
[2019.07.30-22.00.19:577][584]LogModuleManager: Shutting down and abandoning module OutputLog (444)
[2019.07.30-22.00.19:577][584]LogModuleManager: Shutting down and abandoning module GammaUI (442)
[2019.07.30-22.00.19:581][584]LogModuleManager: Shutting down and abandoning module Documentation (440)
[2019.07.30-22.00.19:581][584]LogModuleManager: Shutting down and abandoning module LiveCoding (438)
[2019.07.30-22.00.19:588][584]LogModuleManager: Shutting down and abandoning module LevelSequence (436)
[2019.07.30-22.00.19:588][584]LogModuleManager: Shutting down and abandoning module MovieSceneTracks (434)
[2019.07.30-22.00.19:588][584]LogModuleManager: Shutting down and abandoning module MovieScene (432)
[2019.07.30-22.00.19:598][584]LogModuleManager: Shutting down and abandoning module StreamingPauseRendering (430)
[2019.07.30-22.00.19:606][584]LogModuleManager: Shutting down and abandoning module LauncherPlatform (428)
[2019.07.30-22.00.19:606][584]LogModuleManager: Shutting down and abandoning module AnalyticsET (426)
[2019.07.30-22.00.19:606][584]LogModuleManager: Shutting down and abandoning module PortalServices (424)
[2019.07.30-22.00.19:606][584]LogModuleManager: Shutting down and abandoning module PortalRpc (422)
[2019.07.30-22.00.19:606][584]LogModuleManager: Shutting down and abandoning module MessagingRpc (420)
[2019.07.30-22.00.19:606][584]LogModuleManager: Shutting down and abandoning module AIModule (418)
[2019.07.30-22.00.19:626][584]LogModuleManager: Shutting down and abandoning module GameplayDebugger (417)
[2019.07.30-22.00.19:634][584]LogModuleManager: Shutting down and abandoning module AITestSuite (415)
[2019.07.30-22.00.19:637][584]LogModuleManager: Shutting down and abandoning module NavigationSystem (413)
[2019.07.30-22.00.19:637][584]LogModuleManager: Shutting down and abandoning module DesktopPlatform (410)
[2019.07.30-22.00.19:637][584]LogModuleManager: Shutting down and abandoning module ImageWriteQueue (408)
[2019.07.30-22.00.19:640][584]LogModuleManager: Shutting down and abandoning module ProfilerService (406)
[2019.07.30-22.00.19:881][584]LogModuleManager: Shutting down and abandoning module TaskGraph (404)
[2019.07.30-22.00.19:898][584]LogModuleManager: Shutting down and abandoning module SteamVRController (402)
[2019.07.30-22.00.19:898][584]LogModuleManager: Shutting down and abandoning module ProceduralMeshComponentEditor (400)
[2019.07.30-22.00.19:908][584]LogModuleManager: Shutting down and abandoning module ProceduralMeshComponent (398)
[2019.07.30-22.00.19:913][584]LogModuleManager: Shutting down and abandoning module OculusEditor (396)
[2019.07.30-22.00.19:913][584]LogModuleManager: Shutting down and abandoning module OculusInput (394)
[2019.07.30-22.00.19:913][584]LogModuleManager: Shutting down and abandoning module MobilePatchingUtils (392)
[2019.07.30-22.00.19:913][584]LogModuleManager: Shutting down and abandoning module EditableMesh (390)
[2019.07.30-22.00.19:922][584]LogModuleManager: Shutting down and abandoning module CustomMeshComponent (388)
[2019.07.30-22.00.19:922][584]LogModuleManager: Shutting down and abandoning module CableComponent (386)
[2019.07.30-22.00.19:938][584]LogModuleManager: Shutting down and abandoning module AudioCapture (384)
[2019.07.30-22.00.19:938][584]LogModuleManager: Shutting down and abandoning module ArchVisCharacter (382)
[2019.07.30-22.00.19:938][584]LogModuleManager: Shutting down and abandoning module AndroidPermission (380)
[2019.07.30-22.00.19:938][584]LogModuleManager: Shutting down and abandoning module NUTUnrealEngine4 (378)
[2019.07.30-22.00.19:947][584]LogModuleManager: Shutting down and abandoning module NetcodeUnitTest (376)
[2019.07.30-22.00.19:954][584]LogModuleManager: Shutting down and abandoning module MediaCompositing (374)
[2019.07.30-22.00.19:954][584]LogModuleManager: Shutting down and abandoning module LinearTimecode (372)
[2019.07.30-22.00.19:954][584]LogModuleManager: Shutting down and abandoning module ImgMedia (370)
[2019.07.30-22.00.19:954][584]LogModuleManager: Shutting down and abandoning module MagicLeapHelperVulkan (368)
[2019.07.30-22.00.19:954][584]LogModuleManager: Shutting down and abandoning module MagicLeapHelperOpenGL (366)
[2019.07.30-22.00.19:974][584]LogModuleManager: Shutting down and abandoning module MagicLeapAudio (364)
[2019.07.30-22.00.19:981][584]LogModuleManager: Shutting down and abandoning module HTML5Networking (362)
[2019.07.30-22.00.19:981][584]LogModuleManager: Shutting down and abandoning module GeometryCacheTracks (360)
[2019.07.30-22.00.19:981][584]LogModuleManager: Shutting down and abandoning module GeometryCacheSequencer (358)
[2019.07.30-22.00.19:981][584]LogModuleManager: Shutting down and abandoning module BackChannel (356)
[2019.07.30-22.00.19:989][584]LogModuleManager: Shutting down and abandoning module AppleVision (354)
[2019.07.30-22.00.19:989][584]LogModuleManager: Shutting down and abandoning module AppleImageUtilsBlueprintSupport (352)
[2019.07.30-22.00.19:989][584]LogModuleManager: Shutting down and abandoning module AppleImageUtils (350)
[2019.07.30-22.00.19:989][584]LogModuleManager: Shutting down and abandoning module AlembicImporter (348)
[2019.07.30-22.00.19:989][584]LogModuleManager: Shutting down and abandoning module AlembicLibrary (347)
[2019.07.30-22.00.19:989][584]LogModuleManager: Shutting down and abandoning module GeometryCache (346)
[2019.07.30-22.00.19:989][584]LogModuleManager: Shutting down and abandoning module GeometryCacheEd (345)
[2019.07.30-22.00.19:989][584]LogModuleManager: Shutting down and abandoning module VariantManagerContent (340)
[2019.07.30-22.00.19:989][584]LogModuleManager: Shutting down and abandoning module DatasmithContentEditor (338)
[2019.07.30-22.00.19:994][584]LogModuleManager: Shutting down and abandoning module SpeedTreeImporter (336)
[2019.07.30-22.00.19:994][584]LogModuleManager: Shutting down and abandoning module PluginBrowser (334)
[2019.07.30-22.00.20:013][584]LogModuleManager: Shutting down and abandoning module MobileLauncherProfileWizard (332)
[2019.07.30-22.00.20:038][584]LogModuleManager: Shutting down and abandoning module MaterialAnalyzer (330)
[2019.07.30-22.00.20:071][584]LogModuleManager: Shutting down and abandoning module CryptoKeysOpenSSL (328)
[2019.07.30-22.00.20:071][584]LogModuleManager: Shutting down and abandoning module CryptoKeys (326)
[2019.07.30-22.00.20:071][584]LogModuleManager: Shutting down and abandoning module VisualStudioSourceCodeAccess (324)
[2019.07.30-22.00.20:179][584]LogModuleManager: Shutting down and abandoning module VisualStudioCodeSourceCodeAccess (322)
[2019.07.30-22.00.20:179][584]LogModuleManager: Shutting down and abandoning module UObjectPlugin (320)
[2019.07.30-22.00.20:179][584]LogModuleManager: Shutting down and abandoning module SubversionSourceControl (318)
[2019.07.30-22.00.20:867][584]LogModuleManager: Shutting down and abandoning module PerforceSourceControl (316)
[2019.07.30-22.00.21:243][584]LogModuleManager: Shutting down and abandoning module GitSourceControl (314)
[2019.07.30-22.00.21:320][584]LogModuleManager: Shutting down and abandoning module SourceControl (313)
[2019.07.30-22.00.21:321][584]LogModuleManager: Shutting down and abandoning module CLionSourceCodeAccess (310)
[2019.07.30-22.00.21:321][584]LogModuleManager: Shutting down and abandoning module AnimationSharingEd (308)
[2019.07.30-22.00.21:321][584]LogModuleManager: Shutting down and abandoning module ActorLayerUtilitiesEditor (306)
[2019.07.30-22.00.21:321][584]LogModuleManager: Shutting down and abandoning module ActorLayerUtilities (304)
[2019.07.30-22.00.21:321][584]LogModuleManager: Shutting down and abandoning module LightPropagationVolumeEditor (302)
[2019.07.30-22.00.21:321][584]LogModuleManager: Shutting down and abandoning module PaperTiledImporter (300)
[2019.07.30-22.00.21:321][584]LogModuleManager: Shutting down and abandoning module PaperSpriteSheetImporter (298)
[2019.07.30-22.00.21:321][584]LogModuleManager: Shutting down and abandoning module Paper2DEditor (296)
[2019.07.30-22.00.21:356][584]LogModuleManager: Shutting down and abandoning module SignificanceManager (294)
[2019.07.30-22.00.21:356][584]LogModuleManager: Shutting down and abandoning module RuntimePhysXCooking (292)
[2019.07.30-22.00.21:356][584]LogModuleManager: Shutting down and abandoning module PhysXVehiclesEditor (290)
[2019.07.30-22.00.21:356][584]LogModuleManager: Shutting down and abandoning module PhysXVehicles (288)
[2019.07.30-22.00.21:356][584]LogModuleManager: Shutting down and abandoning module LocationServicesBPLibrary (286)
[2019.07.30-22.00.21:356][584]LogModuleManager: Shutting down and abandoning module ActorSequence (284)
[2019.07.30-22.00.21:356][584]LogModuleManager: Shutting down and abandoning module UdpMessaging (282)
[2019.07.30-22.00.21:457][584]LogModuleManager: Shutting down and abandoning module TcpMessaging (280)
[2019.07.30-22.00.21:603][584]LogModuleManager: Shutting down and abandoning module MagicLeapIdentity (278)
[2019.07.30-22.00.21:603][584]LogModuleManager: Shutting down and abandoning module MagicLeapSecureStorage (276)
[2019.07.30-22.00.21:603][584]LogModuleManager: Shutting down and abandoning module MagicLeapHandTracking (274)
[2019.07.30-22.00.21:606][584]LogModuleManager: Shutting down and abandoning module MagicLeapEyeTracker (272)
[2019.07.30-22.00.21:606][584]LogModuleManager: Shutting down and abandoning module MagicLeapController (270)
[2019.07.30-22.00.21:618][584]LogSlate: Slate User Destroyed.  User Index 0, Is Virtual User: 0
[2019.07.30-22.00.21:618][584]LogModuleManager: Shutting down and abandoning module MagicLeapAR (268)
[2019.07.30-22.00.21:618][584]LogModuleManager: Shutting down and abandoning module AugmentedReality (267)
[2019.07.30-22.00.21:618][584]LogModuleManager: Shutting down and abandoning module GameplayTagsEditor (264)
[2019.07.30-22.00.21:644][584]LogModuleManager: Shutting down and abandoning module FacialAnimationEditor (262)
[2019.07.30-22.00.21:644][584]LogModuleManager: Shutting down and abandoning module FacialAnimation (260)
[2019.07.30-22.00.21:644][584]LogModuleManager: Shutting down and abandoning module DataValidation (258)
[2019.07.30-22.00.21:644][584]LogModuleManager: Shutting down and abandoning module AssetManagerEditor (256)
[2019.07.30-22.00.21:658][584]LogModuleManager: Shutting down and abandoning module LevelEditor (255)
[2019.07.30-22.00.21:671][584]LogModuleManager: Shutting down and abandoning module PixelInspectorModule (254)
[2019.07.30-22.00.21:675][584]LogModuleManager: Shutting down and abandoning module CommonMenuExtensions (252)
[2019.07.30-22.00.21:675][584]LogModuleManager: Shutting down and abandoning module MainFrame (250)
[2019.07.30-22.00.21:675][584]LogModuleManager: Shutting down and abandoning module HotReload (249)
[2019.07.30-22.00.21:700][584]LogModuleManager: Shutting down and abandoning module ContentBrowser (245)
[2019.07.30-22.00.21:702][584]LogModuleManager: Shutting down and abandoning module TreeMap (243)
[2019.07.30-22.00.21:707][584]LogModuleManager: Shutting down and abandoning module AnimationSharing (240)
[2019.07.30-22.00.21:707][584]LogModuleManager: Shutting down and abandoning module LightPropagationVolumeRuntime (238)
[2019.07.30-22.00.21:707][584]LogModuleManager: Shutting down and abandoning module AISupportModule (236)
[2019.07.30-22.00.21:707][584]LogModuleManager: Shutting down and abandoning module Paper2D (234)
[2019.07.30-22.00.21:722][584]LogModuleManager: Shutting down and abandoning module WindowsMoviePlayer (232)
[2019.07.30-22.00.21:726][584]LogModuleManager: Shutting down and abandoning module WebMMoviePlayer (230)
[2019.07.30-22.00.21:755][584]LogModuleManager: Shutting down and abandoning module PacketHandler (228)
[2019.07.30-22.00.21:755][584]LogModuleManager: Shutting down and abandoning module ClothingSystemEditor (226)
[2019.07.30-22.00.21:755][584]LogModuleManager: Shutting down and abandoning module ClothingSystemRuntime (224)
[2019.07.30-22.00.21:780][584]LogModuleManager: Shutting down and abandoning module MediaAssets (222)
[2019.07.30-22.00.21:780][584]LogModuleManager: Shutting down and abandoning module Overlay (220)
[2019.07.30-22.00.21:780][584]LogModuleManager: Shutting down and abandoning module OverlayEditor (219)
[2019.07.30-22.00.21:780][584]LogModuleManager: Shutting down and abandoning module VREditor (216)
[2019.07.30-22.00.21:792][584]LogModuleManager: Shutting down and abandoning module StringTableEditor (214)
[2019.07.30-22.00.21:799][584]LogModuleManager: Shutting down and abandoning module GameplayTasksEditor (212)
[2019.07.30-22.00.21:799][584]LogModuleManager: Shutting down and abandoning module BehaviorTreeEditor (210)
[2019.07.30-22.00.21:939][584]LogModuleManager: Shutting down and abandoning module FunctionalTesting (208)
[2019.07.30-22.00.21:948][584]LogModuleManager: Shutting down and abandoning module CollisionAnalyzer (206)
[2019.07.30-22.00.21:985][584]LogModuleManager: Shutting down and abandoning module WorkspaceMenuStructure (205)
[2019.07.30-22.00.22:043][584]LogModuleManager: Shutting down and abandoning module UMG (202)
[2019.07.30-22.00.22:051][584]LogModuleManager: Shutting down and abandoning module UMGEditor (201)
[2019.07.30-22.00.22:148][584]LogModuleManager: Shutting down and abandoning module Sequencer (200)
[2019.07.30-22.00.22:230][584]LogModuleManager: Shutting down and abandoning module MessageLog (197)
[2019.07.30-22.00.22:230][584]LogModuleManager: Shutting down and abandoning module SlateReflector (192)
[2019.07.30-22.00.22:277][584]LogModuleManager: Shutting down and abandoning module Slate (190)
[2019.07.30-22.00.22:277][584]LogModuleManager: Shutting down and abandoning module EditorStyle (188)
[2019.07.30-22.00.22:283][584]LogModuleManager: Shutting down and abandoning module UnrealEd (186)
[2019.07.30-22.00.22:304][584]LogModuleManager: Shutting down and abandoning module MRMesh (184)
[2019.07.30-22.00.22:304][584]LogModuleManager: Shutting down and abandoning module SourceCodeAccess (182)
[2019.07.30-22.00.22:304][584]LogModuleManager: Shutting down and abandoning module HeadMountedDisplay (180)
[2019.07.30-22.00.22:304][584]LogModuleManager: Shutting down and abandoning module XAudio2 (178)
[2019.07.30-22.00.22:304][584]LogModuleManager: Shutting down and abandoning module Networking (176)
[2019.07.30-22.00.22:304][584]LogModuleManager: Shutting down and abandoning module Core (174)
[2019.07.30-22.00.22:304][584]LogModuleManager: Shutting down and abandoning module KismetCompiler (172)
[2019.07.30-22.00.22:304][584]LogModuleManager: Shutting down and abandoning module MeshUtilities (170)
[2019.07.30-22.00.22:305][584]LogModuleManager: Shutting down and abandoning module MeshMergeUtilities (169)
[2019.07.30-22.00.22:315][584]LogModuleManager: Shutting down and abandoning module MeshReductionInterface (168)
[2019.07.30-22.00.22:315][584]LogModuleManager: Shutting down and abandoning module SkeletalMeshReduction (167)
[2019.07.30-22.00.22:322][584]LogModuleManager: Shutting down and abandoning module ProxyLODMeshReduction (165)
[2019.07.30-22.00.22:391][584]LogModuleManager: Shutting down and abandoning module QuadricMeshReduction (163)
[2019.07.30-22.00.22:425][584]LogModuleManager: Shutting down and abandoning module MaterialBaking (159)
[2019.07.30-22.00.22:433][584]LogModuleManager: Shutting down and abandoning module DerivedDataCache (154)
[2019.07.30-22.00.22:516][584]LogDerivedDataCache: Shutdown
[2019.07.30-22.00.22:516][584]LogModuleManager: Shutting down and abandoning module XGEController (152)
[2019.07.30-22.00.22:516][584]LogModuleManager: Shutting down and abandoning module TargetPlatform (150)
[2019.07.30-22.00.22:516][584]LogModuleManager: Shutting down and abandoning module VulkanShaderFormat (149)
[2019.07.30-22.00.22:532][584]LogModuleManager: Shutting down and abandoning module ShaderFormatVectorVM (147)
[2019.07.30-22.00.22:542][584]LogModuleManager: Shutting down and abandoning module ShaderFormatOpenGL (145)
[2019.07.30-22.00.22:545][584]LogModuleManager: Shutting down and abandoning module ShaderFormatD3D (143)
[2019.07.30-22.00.22:551][584]LogModuleManager: Shutting down and abandoning module MetalShaderFormat (141)
[2019.07.30-22.00.22:555][584]LogModuleManager: Shutting down and abandoning module TextureFormatUncompressed (139)
[2019.07.30-22.00.22:555][584]LogModuleManager: Shutting down and abandoning module TextureFormatPVR (137)
[2019.07.30-22.00.22:555][584]LogModuleManager: Shutting down and abandoning module TextureFormatDXT (135)
[2019.07.30-22.00.22:586][584]LogModuleManager: Shutting down and abandoning module TextureFormatIntelISPCTexComp (133)
[2019.07.30-22.00.22:680][584]LogModuleManager: Shutting down and abandoning module TextureFormatASTC (131)
[2019.07.30-22.00.22:680][584]LogModuleManager: Shutting down and abandoning module ImageWrapper (130)
[2019.07.30-22.00.22:680][584]LogModuleManager: Shutting down and abandoning module TextureFormatAndroid (127)
[2019.07.30-22.00.22:680][584]LogModuleManager: Shutting down and abandoning module AudioFormatOpus (125)
[2019.07.30-22.00.22:694][584]LogModuleManager: Shutting down and abandoning module AudioFormatOgg (123)
[2019.07.30-22.00.22:694][584]LogModuleManager: Shutting down and abandoning module AudioFormatADPCM (121)
[2019.07.30-22.00.22:705][584]LogModuleManager: Shutting down and abandoning module LuminTargetPlatform (119)
[2019.07.30-22.00.22:740][584]LogModuleManager: Shutting down and abandoning module LinuxTargetPlatform (117)
[2019.07.30-22.00.22:740][584]LogModuleManager: Shutting down and abandoning module LinuxServerTargetPlatform (115)
[2019.07.30-22.00.22:742][584]LogModuleManager: Shutting down and abandoning module LinuxNoEditorTargetPlatform (113)
[2019.07.30-22.00.22:745][584]LogModuleManager: Shutting down and abandoning module LinuxClientTargetPlatform (111)
[2019.07.30-22.00.22:752][584]LogModuleManager: Shutting down and abandoning module TVOSTargetPlatform (109)
[2019.07.30-22.00.22:755][584]LogModuleManager: Shutting down and abandoning module Messaging (107)
[2019.07.30-22.00.22:755][584]LogModuleManager: Shutting down and abandoning module IOSTargetPlatform (105)
[2019.07.30-22.00.22:759][584]LogModuleManager: Shutting down and abandoning module HTML5TargetPlatform (103)
[2019.07.30-22.00.22:759][584]LogModuleManager: Shutting down and abandoning module AndroidTargetPlatform (101)
[2019.07.30-22.00.22:785][584]LogModuleManager: Shutting down and abandoning module WindowsTargetPlatform (99)
[2019.07.30-22.00.22:785][584]LogModuleManager: Shutting down and abandoning module WindowsServerTargetPlatform (97)
[2019.07.30-22.00.22:786][584]LogModuleManager: Shutting down and abandoning module WindowsNoEditorTargetPlatform (95)
[2019.07.30-22.00.22:786][584]LogModuleManager: Shutting down and abandoning module WindowsClientTargetPlatform (93)
[2019.07.30-22.00.22:786][584]LogModuleManager: Shutting down and abandoning module MacTargetPlatform (91)
[2019.07.30-22.00.22:786][584]LogModuleManager: Shutting down and abandoning module MacServerTargetPlatform (89)
[2019.07.30-22.00.22:786][584]LogModuleManager: Shutting down and abandoning module MacNoEditorTargetPlatform (87)
[2019.07.30-22.00.22:786][584]LogModuleManager: Shutting down and abandoning module MacClientTargetPlatform (85)
[2019.07.30-22.00.22:786][584]LogModuleManager: Shutting down and abandoning module AllDesktopTargetPlatform (83)
[2019.07.30-22.00.22:786][584]LogModuleManager: Shutting down and abandoning module InputCore (80)
[2019.07.30-22.00.22:786][584]LogModuleManager: Shutting down and abandoning module Settings (78)
[2019.07.30-22.00.22:786][584]LogModuleManager: Shutting down and abandoning module DirectoryWatcher (76)
[2019.07.30-22.00.22:787][584]LogModuleManager: Shutting down and abandoning module PhysXCooking (74)
[2019.07.30-22.00.22:787][584]LogModuleManager: Shutting down and abandoning module SteamVR (72)
[2019.07.30-22.00.22:796][584]LogHMD: Freeing OpenVRDLLHandle.
[2019.07.30-22.00.22:796][584]LogModuleManager: Shutting down and abandoning module OculusHMD (70)
[2019.07.30-22.00.22:796][584]LogModuleManager: Shutting down and abandoning module ExampleDeviceProfileSelector (68)
[2019.07.30-22.00.22:796][584]LogModuleManager: Shutting down and abandoning module LauncherChunkInstaller (66)
[2019.07.30-22.00.22:796][584]LogModuleManager: Shutting down and abandoning module OnlineBlueprintSupport (64)
[2019.07.30-22.00.22:796][584]LogModuleManager: Shutting down and abandoning module OnlineSubsystem (60)
[2019.07.30-22.00.22:816][584]LogModuleManager: Shutting down and abandoning module XMPP (55)
[2019.07.30-22.00.22:836][584]LogModuleManager: Shutting down and abandoning module WebSockets (54)
[2019.07.30-22.00.22:935][584]LogModuleManager: Shutting down and abandoning module HTTP (51)
[2019.07.30-22.00.22:935][584]LogHttp: Display: Http module shutting down, but needs to wait on 1 outstanding Http requests:
[2019.07.30-22.00.22:935][584]LogHttp: Display: 	verb=[POST] url=[https://datarouter.ol.epicgames.com/datarouter/api/v1/public/data?SessionID=%7B1CAF3C31-49B4-F234-7829-94B66F934756%7D&AppID=UEEditor.Rocket.Release&AppVersion=4.22.3-7053642%2B%2B%2BUE4%2BRelease-4.22&UserID=d9963011414a8234d7d257a757862d13%7Caf60cd51aa324628919b29e486e88f1f%7Ce8c74878-8ab7-473b-94e8-7f2a0de46398&AppEnvironment=datacollector-binary&UploadType=eteventstream] status=Processing
[2019.07.30-22.00.22:942][584]LogModuleManager: Shutting down and abandoning module SSL (50)
[2019.07.30-22.00.22:943][584]LogModuleManager: Shutting down and abandoning module WmfMedia (46)
[2019.07.30-22.00.22:961][584]LogModuleManager: Shutting down and abandoning module Media (45)
[2019.07.30-22.00.22:967][584]LogModuleManager: Shutting down and abandoning module MagicLeap (42)
[2019.07.30-22.00.22:980][584]LogModuleManager: Shutting down and abandoning module DatasmithContent (40)
[2019.07.30-22.00.22:980][584]LogModuleManager: Shutting down and abandoning module AnimationModifiers (38)
[2019.07.30-22.00.22:987][584]LogModuleManager: Shutting down and abandoning module PropertyEditor (37)
[2019.07.30-22.00.22:993][584]LogModuleManager: Shutting down and abandoning module AudioEditor (34)
[2019.07.30-22.00.23:032][584]LogModuleManager: Shutting down and abandoning module TextureCompressor (32)
[2019.07.30-22.00.23:039][584]LogModuleManager: Shutting down and abandoning module RenderCore (30)
[2019.07.30-22.00.23:039][584]LogModuleManager: Shutting down and abandoning module Landscape (28)
[2019.07.30-22.00.23:039][584]LogModuleManager: Shutting down and abandoning module SlateRHIRenderer (26)
[2019.07.30-22.00.23:053][584]LogModuleManager: Shutting down and abandoning module OpenGLDrv (24)
[2019.07.30-22.00.23:073][584]LogModuleManager: Shutting down and abandoning module D3D11RHI (22)
[2019.07.30-22.00.23:073][584]LogModuleManager: Shutting down and abandoning module AnimGraphRuntime (20)
[2019.07.30-22.00.23:103][584]LogModuleManager: Shutting down and abandoning module Renderer (18)
[2019.07.30-22.00.23:103][584]LogModuleManager: Shutting down and abandoning module Engine (16)
[2019.07.30-22.00.23:103][584]LogModuleManager: Shutting down and abandoning module CoreUObject (14)
[2019.07.30-22.00.23:103][584]LogModuleManager: Shutting down and abandoning module NetworkFile (12)
[2019.07.30-22.00.23:103][584]LogModuleManager: Shutting down and abandoning module CookedIterativeFile (10)
[2019.07.30-22.00.23:103][584]LogModuleManager: Shutting down and abandoning module StreamingFile (8)
[2019.07.30-22.00.23:103][584]LogModuleManager: Shutting down and abandoning module SandboxFile (6)
[2019.07.30-22.00.23:104][584]LogModuleManager: Shutting down and abandoning module PakFile (4)
[2019.07.30-22.00.23:112][584]LogModuleManager: Shutting down and abandoning module RSA (3)
[2019.07.30-22.00.23:132][584]LogExit: Exiting.
[2019.07.30-22.00.23:211][584]Log file closed, 07/30/19 18:00:23
